# Server version 0.08 running on 142.157.75.105:54321
# Game ID: 295
# Board class: pentago_swap.PentagoBoard
# Timeout: 2000
# First Move Timeout: 30000
# Date: Tue Apr 09 20:15:15 EDT 2019
# Player 1: Player-0, 'RandomPlayer', running on 127.0.0.1
# Player 2: Player-1, '260745604', running on 127.0.0.1
START Player-0 RandomPlayer
START Player-1 260745604
5 2 TR BR 0
1 1 BL TR 1
0 3 TL TR 0
1 1 BL TR 1
4 0 BL BR 0
1 0 BR TR 1
2 4 TL BL 0
4 2 BR TR 1
5 1 BL BR 0
4 2 TL TR 1
GAMEOVER WINNER 1
# Game ended: Tue Apr 09 20:15:16 EDT 2019
