# Server version 0.08 running on 142.157.75.105:54321
# Game ID: 274
# Board class: pentago_swap.PentagoBoard
# Timeout: 2000
# First Move Timeout: 30000
# Date: Sat Apr 06 16:06:41 EDT 2019
# Player 1: Player-0, '260745604', running on 142.157.75.105
# Player 2: Player-1, 'Human', running on 142.157.75.105
START Player-0 260745604
START Player-1 Human
1 1 TR BR 0
3 1 BR TR 1
4 1 BR BL 0
4 1 BL TL 1
4 0 BL TL 0
3 2 BL TL 1
2 0 BR BL 0
1 4 TR BR 1
0 0 TL TR 0
5 3 BL TL 1
0 0 TL TR 0
3 5 BR TR 1
2 2 TR BR 0
2 1 BR TR 1
GAMEOVER TIMEOUT WINNER 1
# Game ended: Sat Apr 06 16:07:29 EDT 2019
