# Server version 0.08 running on 142.157.75.105:54321
# Game ID: 363
# Board class: pentago_swap.PentagoBoard
# Timeout: 2000
# First Move Timeout: 30000
# Date: Wed Apr 10 19:17:53 EDT 2019
# Player 1: Player-0, '260673394', running on vpn67051.vpn.mcgill.ca
# Player 2: Player-1, '260745604', running on 142.157.75.105
START Player-0 260673394
START Player-1 260745604
1 1 TL TR 0
1 1 BR TR 1
0 4 TL BL 0
1 1 BL BR 1
5 1 TR BR 0
3 1 BL BR 1
4 1 TR BR 0
5 1 TR BL 1
1 3 TL BL 0
3 0 TL TR 1
1 5 TL TR 0
1 0 TR TL 1
1 2 TL TR 0
GAMEOVER WINNER 0
# Game ended: Wed Apr 10 19:18:02 EDT 2019
