# Server version 0.08 running on 142.157.75.165:8123
# Game ID: 36
# Board class: pentago_swap.PentagoBoard
# Timeout: 2000
# First Move Timeout: 30000
# Date: Tue Mar 26 20:24:47 EDT 2019
# Player 1: Player-0, '260745604', running on 142.157.75.165
# Player 2: Player-1, 'RandomPlayer', running on 142.157.75.165
START Player-0 260745604
START Player-1 RandomPlayer
1 1 TR BR 0
0 1 TR BR 1
4 1 BR TR 0
3 2 TL TR 1
1 3 TR BR 0
1 3 BL BR 1
2 4 TL TR 0
3 2 TL BL 1
0 3 BL BR 0
5 3 BL BR 1
3 1 TL BL 0
3 3 TL TR 1
3 0 BL BR 0
1 0 BL BR 1
2 2 TL TR 0
5 3 TR BR 1
4 2 BL BR 0
1 3 TL BR 1
4 2 TR BR 0
GAMEOVER WINNER 1
# Game ended: Tue Mar 26 20:24:47 EDT 2019
