# Server version 0.08 running on 142.157.75.105:54321
# Game ID: 221
# Board class: pentago_swap.PentagoBoard
# Timeout: 2000
# First Move Timeout: 30000
# Date: Sat Apr 06 10:00:36 EDT 2019
# Player 1: Player-0, '260745604', running on 142.157.75.105
# Player 2: Player-1, 'Human', running on 142.157.75.105
START Player-0 260745604
START Player-1 Human
1 1 BL TL 0
1 1 TL TR 1
1 1 BR TR 0
1 4 TR TL 1
1 3 BR TR 0
4 2 BL TL 1
4 5 BR BL 0
1 0 TL TR 1
2 0 TR BR 0
3 4 BR BL 1
0 4 TR BR 0
0 0 BL BR 1
0 1 TL TR 0
5 0 BL TR 1
0 0 TL TR 0
2 3 BL TL 1
0 2 TL TR 0
2 4 TR TL 1
0 4 TL TR 0
3 2 BL BR 1
0 2 TL TR 0
GAMEOVER WINNER 0
# Game ended: Sat Apr 06 10:02:57 EDT 2019
