# Server version 0.08 running on 142.157.75.105:54321
# Game ID: 298
# Board class: pentago_swap.PentagoBoard
# Timeout: 2000
# First Move Timeout: 30000
# Date: Tue Apr 09 20:25:14 EDT 2019
# Player 1: Player-0, '260745604', running on 142.157.75.105
# Player 2: Player-1, 'Human', running on 142.157.75.105
START Player-0 260745604
START Player-1 Human
1 1 BL TR 0
1 4 TR BR 1
4 1 BR TL 0
1 4 TR TL 1
4 0 BR TR 0
2 5 TR BR 1
4 2 BR TL 0
3 5 BR TR 1
1 0 TL BR 0
GAMEOVER WINNER 0
# Game ended: Tue Apr 09 20:25:25 EDT 2019
