# Server version 0.08 running on 142.157.75.105:8123
# Game ID: 189
# Board class: pentago_swap.PentagoBoard
# Timeout: 2000
# First Move Timeout: 30000
# Date: Fri Apr 05 20:23:14 EDT 2019
# Player 1: Player-0, 'RandomPlayer', running on 127.0.0.1
# Player 2: Player-1, '260745604', running on 127.0.0.1
START Player-0 RandomPlayer
START Player-1 260745604
5 2 TR BR 0
1 1 TR BL 1
0 3 TL TR 0
1 1 BR TL 1
3 5 BL BR 0
1 3 BL TR 1
2 1 TL BL 0
1 2 TL TR 1
5 3 BL BR 0
5 5 BL BR 1
2 3 TL TR 0
5 5 BL BR 1
0 0 BL BR 0
5 4 BL BR 1
4 3 TR BR 0
5 4 BL BR 1
1 4 TL BR 0
5 5 BL BR 1
4 5 TR BR 0
5 3 BL BR 1
3 5 TL TR 0
1 0 TL BR 1
3 4 TR BR 0
GAMEOVER WINNER 1
# Game ended: Fri Apr 05 20:23:21 EDT 2019
