# Server version 0.08 running on 142.157.75.105:54321
# Game ID: 273
# Board class: pentago_swap.PentagoBoard
# Timeout: 2000
# First Move Timeout: 30000
# Date: Sat Apr 06 16:02:24 EDT 2019
# Player 1: Player-0, '260745604', running on 142.157.75.105
# Player 2: Player-1, 'Human', running on 142.157.75.105
START Player-0 260745604
START Player-1 Human
1 1 BL TR 0
1 4 TR BR 1
4 1 BL TL 0
1 4 TR TL 1
1 3 TR TL 0
1 2 TL TR 1
0 4 TL BL 0
2 4 TR TL 1
0 0 TL TR 0
4 2 BL BR 1
0 0 TL TR 0
4 3 TR TL 1
2 2 TR BR 0
GAMEOVER WINNER 0
# Game ended: Sat Apr 06 16:06:08 EDT 2019
