# Server version 0.08 running on 142.157.75.165:8123
# Game ID: 59
# Board class: pentago_swap.PentagoBoard
# Timeout: 2000
# First Move Timeout: 30000
# Date: Thu Mar 28 12:57:45 EDT 2019
# Player 1: Player-0, 'Human', running on 142.157.75.165
# Player 2: Player-1, 'Human', running on 142.157.75.165
START Player-0 Human
START Player-1 Human
1 1 TL TR 0
1 1 BL TL 1
1 1 TL BR 0
1 1 TL TR 1
1 0 TL TR 0
1 5 BL TR 1
5 0 BL TL 0
3 5 BR TR 1
2 1 BR BL 0
2 2 TR BR 1
3 4 BR BL 0
0 1 TL BL 1
2 1 TL BL 0
GAMEOVER WINNER 0
# Game ended: Thu Mar 28 12:59:45 EDT 2019
