# Server version 0.08 running on 142.157.75.105:54321
# Game ID: 317
# Board class: pentago_swap.PentagoBoard
# Timeout: 2000
# First Move Timeout: 30000
# Date: Tue Apr 09 21:57:26 EDT 2019
# Player 1: Player-0, '260745604', running on 142.157.75.105
# Player 2: Player-1, 'Human', running on 142.157.75.105
START Player-0 260745604
START Player-1 Human
1 1 BL TR 0
1 4 TR BL 1
1 4 BL BR 0
4 1 BL BR 1
1 0 BL TL 0
4 2 BL TL 1
0 1 BL TR 0
2 1 TL TR 1
0 3 BL BR 0
2 3 TR TL 1
0 2 BL BR 0
2 2 TL BL 1
0 4 BL BR 0
0 5 TL BL 1
0 3 TL BR 0
GAMEOVER WINNER 0
# Game ended: Tue Apr 09 21:58:06 EDT 2019
