# Server version 0.08 running on 142.157.75.105:54321
# Game ID: 223
# Board class: pentago_swap.PentagoBoard
# Timeout: 2000
# First Move Timeout: 30000
# Date: Sat Apr 06 10:19:13 EDT 2019
# Player 1: Player-0, 'Human', running on 142.157.75.105
# Player 2: Player-1, 'Human', running on 142.157.75.105
START Player-0 Human
START Player-1 Human
1 4 TR BL 0
1 2 TR BR 1
3 1 BL TR 0
2 2 TL BR 1
2 4 BL BR 0
3 4 TL BL 1
4 1 BL BR 0
3 4 BL TL 1
5 4 BR TR 0
GAMEOVER WINNER 0
# Game ended: Sat Apr 06 10:19:39 EDT 2019
