# Server version 0.08 running on 142.157.75.105:8123
# Game ID: 166
# Board class: pentago_swap.PentagoBoard
# Timeout: 2000
# First Move Timeout: 30000
# Date: Fri Apr 05 19:20:56 EDT 2019
# Player 1: Player-0, '260745604', running on 142.157.75.105
# Player 2: Player-1, 'RandomPlayer', running on 142.157.75.105
START Player-0 260745604
START Player-1 RandomPlayer
1 1 TL BR 0
0 1 TR BR 1
1 1 BL TL 0
3 2 TL TR 1
3 0 BR TR 0
1 4 BL BR 1
1 0 BR TL 0
3 4 TL BL 1
1 2 TR BR 0
5 4 BL BR 1
5 3 TL TR 0
3 0 TL TR 1
2 5 BL BR 0
0 5 BL BR 1
2 3 TL BL 0
5 2 TR BR 1
0 2 BL BR 0
2 0 TL BR 1
1 1 TL TR 0
3 4 TR BR 1
3 3 BL BR 0
3 1 TL TR 1
2 2 TR BR 0
4 3 TR BR 1
1 2 TL BR 0
4 3 BL BR 1
4 3 TR BR 0
1 2 TR BR 1
3 5 TL TR 0
2 2 TL BL 1
5 4 TR BR 0
2 3 TL TR 1
GAMEOVER WINNER 1
# Game ended: Fri Apr 05 19:20:57 EDT 2019
