# Server version 0.08 running on 142.157.75.105:8123
# Game ID: 176
# Board class: pentago_swap.PentagoBoard
# Timeout: 2000
# First Move Timeout: 30000
# Date: Fri Apr 05 19:59:49 EDT 2019
# Player 1: Player-0, '260745604', running on 142.157.75.105
# Player 2: Player-1, 'RandomPlayer', running on 142.157.75.105
START Player-0 260745604
START Player-1 RandomPlayer
1 1 TL BR 0
0 1 TR BR 1
1 1 TL BR 0
3 1 TL TR 1
1 0 TR TL 0
1 5 BL BR 1
0 4 TL BL 0
4 0 TL BL 1
5 5 BL BR 0
5 4 BL BR 1
5 4 BL BR 0
3 2 TL TR 1
5 5 BL BR 0
0 5 BL BR 1
5 3 BL BR 0
4 4 TR BR 1
5 5 BL BR 0
2 0 TL BR 1
5 0 TR BR 0
4 1 TR BR 1
1 0 TL TR 0
3 0 TL TR 1
0 2 BL BR 0
3 2 TR BR 1
5 2 TL BL 0
4 3 BL BR 1
0 4 BL BR 0
2 1 TR BR 1
3 0 TL TR 0
2 0 TL BL 1
0 3 BL BR 0
1 2 TL TR 1
4 5 TR BR 0
GAMEOVER DRAW
# Game ended: Fri Apr 05 19:59:53 EDT 2019
