# Server version 0.08 running on 142.157.75.105:54321
# Game ID: 325
# Board class: pentago_swap.PentagoBoard
# Timeout: 2000
# First Move Timeout: 30000
# Date: Tue Apr 09 22:09:48 EDT 2019
# Player 1: Player-0, '260764013', running on 142.157.40.156
# Player 2: Player-1, '260745604', running on 142.157.75.105
START Player-0 260764013
START Player-1 260745604
1 0 BL BR 0
1 1 TL BL 1
1 0 TL TR 0
1 1 BR TL 1
1 0 TR BL 0
0 4 TR BR 1
1 3 BL TL 0
5 4 BL TL 1
2 0 TR BR 0
3 4 TL BL 1
GAMEOVER WINNER 1
# Game ended: Tue Apr 09 22:09:54 EDT 2019
