# Server version 0.08 running on 142.157.75.105:54321
# Game ID: 290
# Board class: pentago_swap.PentagoBoard
# Timeout: 2000
# First Move Timeout: 30000
# Date: Tue Apr 09 20:15:07 EDT 2019
# Player 1: Player-0, '260745604', running on 127.0.0.1
# Player 2: Player-1, 'RandomPlayer', running on 127.0.0.1
START Player-0 260745604
START Player-1 RandomPlayer
1 1 TL BR 0
0 1 TR BR 1
1 1 TR BR 0
3 2 TL TR 1
1 3 BL TL 0
2 1 BL BR 1
1 5 TL TR 0
3 5 TL BL 1
1 0 TL BR 0
GAMEOVER WINNER 0
# Game ended: Tue Apr 09 20:15:07 EDT 2019
