# Server version 0.08 running on 142.157.75.105:54321
# Game ID: 280
# Board class: pentago_swap.PentagoBoard
# Timeout: 2000
# First Move Timeout: 30000
# Date: Mon Apr 08 19:31:41 EDT 2019
# Player 1: Player-0, 'RandomPlayer', running on 142.157.75.105
# Player 2: Player-1, '260745604', running on 142.157.75.105
START Player-0 RandomPlayer
START Player-1 260745604
5 2 TR BR 0
1 1 BL BR 1
0 3 TL TR 0
1 1 TR TL 1
4 0 BL BR 0
1 0 BL TL 1
2 0 TL BL 0
1 2 BL BR 1
5 1 BL BR 0
1 3 BL BR 1
GAMEOVER WINNER 1
# Game ended: Mon Apr 08 19:31:41 EDT 2019
