# Server version 0.08 running on 142.157.75.105:54321
# Game ID: 318
# Board class: pentago_swap.PentagoBoard
# Timeout: 2000
# First Move Timeout: 30000
# Date: Tue Apr 09 21:58:21 EDT 2019
# Player 1: Player-0, 'Human', running on 142.157.75.105
# Player 2: Player-1, '260745604', running on 142.157.75.105
START Player-0 Human
START Player-1 260745604
1 1 TL TR 0
1 1 BL TR 1
1 4 TR BR 0
1 4 TR BL 1
1 3 TR BL 0
4 2 BL TL 1
3 3 BR TR 0
2 5 TL BL 1
2 4 TR BR 0
0 0 BL BR 1
3 1 BL TR 0
3 0 TR BR 1
2 2 BL TR 0
1 3 TR BL 1
5 2 BL BR 0
5 3 BL BR 1
2 4 BL TL 0
GAMEOVER WINNER 0
# Game ended: Tue Apr 09 21:59:36 EDT 2019
