# Server version 0.08 running on 142.157.75.105:54321
# Game ID: 296
# Board class: pentago_swap.PentagoBoard
# Timeout: 2000
# First Move Timeout: 30000
# Date: Tue Apr 09 20:15:17 EDT 2019
# Player 1: Player-0, '260745604', running on 127.0.0.1
# Player 2: Player-1, 'RandomPlayer', running on 127.0.0.1
START Player-0 260745604
START Player-1 RandomPlayer
1 1 BR BL 0
0 1 TR BR 1
4 1 BR TL 0
3 0 TL TR 1
4 0 BR BL 0
1 3 BL BR 1
4 2 BR TL 0
3 3 TL BL 1
4 0 TR BL 0
GAMEOVER WINNER 0
# Game ended: Tue Apr 09 20:15:17 EDT 2019
