# Server version 0.08 running on 142.157.75.105:54321
# Game ID: 248
# Board class: pentago_swap.PentagoBoard
# Timeout: 2000
# First Move Timeout: 30000
# Date: Sat Apr 06 13:02:00 EDT 2019
# Player 1: Player-0, 'Human', running on 142.157.75.105
# Player 2: Player-1, '260745604', running on 142.157.75.105
START Player-0 Human
START Player-1 260745604
1 1 TL TR 0
1 1 TR BL 1
1 4 TR BR 0
1 4 BR TR 1
1 3 TR BR 0
4 5 TR BL 1
2 3 TR TL 0
0 2 TR BL 1
3 3 BR TR 0
GAMEOVER TIMEOUT WINNER 0
# Game ended: Sat Apr 06 13:02:16 EDT 2019
