# Server version 0.08 running on 142.157.75.105:54321
# Game ID: 291
# Board class: pentago_swap.PentagoBoard
# Timeout: 2000
# First Move Timeout: 30000
# Date: Tue Apr 09 20:15:08 EDT 2019
# Player 1: Player-0, 'RandomPlayer', running on 127.0.0.1
# Player 2: Player-1, '260745604', running on 127.0.0.1
START Player-0 RandomPlayer
START Player-1 260745604
5 2 TR BR 0
1 1 TL TR 1
0 3 TL TR 0
4 1 TR TL 1
3 5 BL BR 0
1 3 BL TR 1
1 5 TL BL 0
2 5 TL BL 1
5 2 BL BR 0
5 4 BL BR 1
1 3 TL TR 0
5 4 BL BR 1
0 0 BL BR 0
3 1 TL BR 1
GAMEOVER WINNER 1
# Game ended: Tue Apr 09 20:15:09 EDT 2019
