# Server version 0.08 running on 142.157.75.105:54321
# Game ID: 334
# Board class: pentago_swap.PentagoBoard
# Timeout: 2000
# First Move Timeout: 30000
# Date: Wed Apr 10 13:04:59 EDT 2019
# Player 1: Player-0, '260745604', running on 142.157.75.105
# Player 2: Player-1, '260332257', running on 142.157.142.79
START Player-0 260745604
START Player-1 260332257
1 1 BL TR 0
4 1 TL BL 1
1 4 BR TR 0
1 4 TL BL 1
1 0 TR TL 0
2 2 TL BL 1
3 0 BR TR 0
2 2 TL BL 1
4 5 TR BL 0
0 3 TR BR 1
GAMEOVER WINNER 1
# Game ended: Wed Apr 10 13:05:02 EDT 2019
