# Server version 0.08 running on 142.157.75.105:8123
# Game ID: 139
# Board class: pentago_swap.PentagoBoard
# Timeout: 2000
# First Move Timeout: 30000
# Date: Thu Apr 04 20:43:42 EDT 2019
# Player 1: Player-0, 'Human', running on 142.157.75.105
# Player 2: Player-1, '260745604', running on 142.157.75.105
START Player-0 Human
START Player-1 260745604
0 1 TL BR 0
1 1 BL TR 1
4 5 BR BL 0
4 1 BL TR 1
4 5 BR BL 0
3 1 BL BR 1
4 4 BR BL 0
4 0 BR TL 1
GAMEOVER USER CANCEL UNDECIDED
# Game ended: Thu Apr 04 20:44:20 EDT 2019
