# Server version 0.08 running on 142.157.75.105:8123
# Game ID: 169
# Board class: pentago_swap.PentagoBoard
# Timeout: 2000
# First Move Timeout: 30000
# Date: Fri Apr 05 19:32:08 EDT 2019
# Player 1: Player-0, '260745604', running on 142.157.75.105
# Player 2: Player-1, 'RandomPlayer', running on 142.157.75.105
START Player-0 260745604
START Player-1 RandomPlayer
1 1 TL BL 0
0 1 TR BR 1
1 1 TR BL 0
3 3 TL TR 1
1 0 TR TL 0
2 1 BL BR 1
1 5 TL BR 0
3 3 TL BL 1
2 0 TR BR 0
5 4 BL BR 1
5 3 TL TR 0
3 2 TL TR 1
3 1 BL BR 0
1 1 BL BR 1
2 5 TL BL 0
5 2 TR BR 1
0 3 BL BR 0
1 5 TL BR 1
1 0 TL TR 0
3 3 TR BR 1
3 2 BL BR 0
2 5 TL TR 1
2 0 TR BR 0
4 2 TR BR 1
0 5 TL BR 0
3 1 BL BR 1
2 5 TR BR 0
1 2 TR BR 1
2 4 TL TR 0
1 3 TL BL 1
5 4 TR BR 0
0 5 TL TR 1
3 1 BL BR 0
4 4 TL BR 1
1 0 TR BR 0
GAMEOVER WINNER 0
# Game ended: Fri Apr 05 19:32:10 EDT 2019
