# Server version 0.08 running on 142.157.75.105:54321
# Game ID: 327
# Board class: pentago_swap.PentagoBoard
# Timeout: 2000
# First Move Timeout: 30000
# Date: Tue Apr 09 23:05:33 EDT 2019
# Player 1: Player-0, '260706265', running on 142.157.51.189
# Player 2: Player-1, '260745604', running on 142.157.75.105
START Player-0 260706265
START Player-1 260745604
1 1 BR BL 0
4 1 TL BL 1
1 4 BL BR 0
4 1 BL TR 1
4 0 BL BR 0
4 5 TR BL 1
1 3 TR BL 0
4 2 BL TR 1
1 0 TR BL 0
3 3 TR BL 1
0 1 BL BR 0
0 5 TL BR 1
0 4 TL BR 0
3 3 TR BL 1
2 5 TL TR 0
GAMEOVER WINNER 0
# Game ended: Tue Apr 09 23:05:35 EDT 2019
