# Server version 0.08 running on 142.157.75.105:54321
# Game ID: 239
# Board class: pentago_swap.PentagoBoard
# Timeout: 2000
# First Move Timeout: 30000
# Date: Sat Apr 06 12:11:59 EDT 2019
# Player 1: Player-0, '260745604', running on 142.157.75.105
# Player 2: Player-1, 'RandomPlayer', running on 142.157.75.105
START Player-0 260745604
START Player-1 RandomPlayer
1 1 TL BL 0
0 1 TR BR 1
1 1 BR TR 0
3 2 TL TR 1
1 3 TL TR 0
2 0 BL BR 1
1 2 TR BR 0
4 0 TL BL 1
1 3 TL BL 0
GAMEOVER WINNER 0
# Game ended: Sat Apr 06 12:11:59 EDT 2019
