# Server version 0.08 running on 142.157.75.105:54321
# Game ID: 259
# Board class: pentago_swap.PentagoBoard
# Timeout: 2000
# First Move Timeout: 30000
# Date: Sat Apr 06 14:58:13 EDT 2019
# Player 1: Player-0, '260745604', running on 142.157.75.105
# Player 2: Player-1, '260745604', running on 142.157.75.105
START Player-0 260745604
START Player-1 260745604
1 1 BR BL 0
4 1 BL TL 1
3 3 TR BR 0
1 0 BL BR 1
1 2 BL TR 0
2 4 TR BR 1
0 0 TL TR 0
1 0 TL TR 1
0 1 TL TR 0
0 0 TL TR 1
0 2 TL TR 0
0 1 TL BL 1
0 1 TL TR 0
GAMEOVER WINNER 0
# Game ended: Sat Apr 06 14:58:24 EDT 2019
