# Server version 0.08 running on 142.157.75.105:54321
# Game ID: 328
# Board class: pentago_swap.PentagoBoard
# Timeout: 2000
# First Move Timeout: 30000
# Date: Tue Apr 09 23:06:07 EDT 2019
# Player 1: Player-0, '260745604', running on 142.157.75.105
# Player 2: Player-1, '260706265', running on 142.157.51.189
START Player-0 260745604
START Player-1 260706265
1 1 BR BL 0
1 4 TR TL 1
4 1 TR BR 0
1 4 BL TR 1
1 3 TR BR 0
1 3 BR TL 1
1 2 TL BR 0
1 5 TL BL 1
0 0 TR BR 0
0 4 BR BL 1
3 2 TR BR 0
5 3 TR TL 1
2 0 TL BL 0
1 3 TL TR 1
2 3 TR BR 0
0 5 BR BL 1
3 5 TR BR 0
1 3 TL TR 1
5 5 BL BR 0
1 2 TR BR 1
3 0 TR BL 0
4 5 TL BL 1
GAMEOVER WINNER 1
# Game ended: Tue Apr 09 23:06:11 EDT 2019
