# Server version 0.08 running on 142.157.75.165:8123
# Game ID: 56
# Board class: pentago_swap.PentagoBoard
# Timeout: 2000
# First Move Timeout: 30000
# Date: Thu Mar 28 12:49:53 EDT 2019
# Player 1: Player-0, 'Human', running on 142.157.75.165
# Player 2: Player-1, 'Human', running on 142.157.75.165
START Player-0 Human
START Player-1 Human
3 2 BR BL 0
1 4 TR TL 1
3 4 BL BR 0
1 4 TR BR 1
3 3 TL TR 0
3 4 BR TL 1
1 2 BL TL 0
2 4 TR TL 1
0 1 TR TL 0
5 1 BL BR 1
GAMEOVER WINNER 1
# Game ended: Thu Mar 28 12:51:13 EDT 2019
