# Server version 0.08 running on 142.157.75.105:54321
# Game ID: 281
# Board class: pentago_swap.PentagoBoard
# Timeout: 2000
# First Move Timeout: 30000
# Date: Mon Apr 08 19:33:55 EDT 2019
# Player 1: Player-0, '260745604', running on 142.157.75.105
# Player 2: Player-1, 'Human', running on 142.157.75.105
START Player-0 260745604
START Player-1 Human
1 1 TL TR 0
1 1 TL TR 1
4 1 TR BL 0
4 4 BR TR 1
1 0 TR TL 0
1 5 TR TL 1
0 1 BR BL 0
2 1 TL TR 1
0 0 TL TR 0
5 4 BR BL 1
0 4 BL BR 0
3 4 BR BL 1
2 0 TR BL 0
1 5 TR BR 1
2 3 TR BR 0
1 3 TR BR 1
0 2 TL BL 0
GAMEOVER WINNER 0
# Game ended: Mon Apr 08 19:36:25 EDT 2019
