# Server version 0.08 running on 142.157.75.105:54321
# Game ID: 319
# Board class: pentago_swap.PentagoBoard
# Timeout: 2000
# First Move Timeout: 30000
# Date: Tue Apr 09 22:00:40 EDT 2019
# Player 1: Player-0, '260745604', running on 142.157.75.105
# Player 2: Player-1, '260745604', running on 142.157.75.105
START Player-0 260745604
START Player-1 260745604
1 1 TR BR 0
4 1 BR TR 1
1 0 BL BR 0
1 2 TL BR 1
5 3 BL BR 0
3 3 TR BL 1
0 3 TR BL 0
0 3 BL BR 1
3 5 BL BR 0
0 0 BL BR 1
GAMEOVER TIMEOUT WINNER 1
# Game ended: Tue Apr 09 22:00:45 EDT 2019
