# Server version 0.08 running on 142.157.75.165:8123
# Game ID: 48
# Board class: pentago_swap.PentagoBoard
# Timeout: 2000
# First Move Timeout: 30000
# Date: Wed Mar 27 15:27:47 EDT 2019
# Player 1: Player-0, 'Human', running on 142.157.75.165
# Player 2: Player-1, 'Human', running on 142.157.75.165
START Player-0 Human
START Player-1 Human
4 1 BL TL 0
1 4 TR BR 1
4 1 BL TR 0
4 1 BL TL 1
1 5 TR TL 0
4 0 BL BR 1
3 4 BR BL 0
2 1 TL TR 1
5 0 BL TL 0
0 5 TR BR 1
0 2 TL BR 0
2 0 TL BR 1
1 2 TR TL 0
5 5 BR TR 1
0 4 BL TR 0
2 0 TL TR 1
2 4 TR TL 0
2 3 TR BR 1
2 4 TR TL 0
GAMEOVER WINNER 0
# Game ended: Wed Mar 27 15:34:16 EDT 2019
