# Server version 0.08 running on 142.157.75.165:8123
# Game ID: 45
# Board class: pentago_swap.PentagoBoard
# Timeout: 2000
# First Move Timeout: 30000
# Date: Wed Mar 27 15:15:38 EDT 2019
# Player 1: Player-0, 'Human', running on 142.157.75.165
# Player 2: Player-1, 'Human', running on 142.157.75.165
START Player-0 Human
START Player-1 Human
0 1 TL TR 0
1 1 TL BR 1
3 4 BR TL 0
4 4 BL BR 1
1 2 TL BR 0
1 5 BL TR 1
4 0 BL TR 0
4 3 TL BR 1
4 5 BR BL 0
4 3 TL BR 1
3 1 BL TR 0
1 2 BR TR 1
GAMEOVER WINNER 1
# Game ended: Wed Mar 27 15:17:28 EDT 2019
