# Server version 0.08 running on 142.157.75.105:54321
# Game ID: 337
# Board class: pentago_swap.PentagoBoard
# Timeout: 2000
# First Move Timeout: 30000
# Date: Wed Apr 10 13:07:31 EDT 2019
# Player 1: Player-0, '260745604', running on 142.157.75.105
# Player 2: Player-1, '260673394', running on vpn67051.vpn.mcgill.ca
START Player-0 260745604
START Player-1 260673394
1 1 BL TL 0
1 1 TL TR 1
1 1 BL BR 0
0 4 TL BR 1
2 4 TL BR 0
0 0 BL BR 1
1 0 BR TR 0
1 4 BL BR 1
0 3 TL TR 0
0 1 TR BR 1
3 0 TL TR 0
2 4 TL TR 1
GAMEOVER WINNER 1
# Game ended: Wed Apr 10 13:07:40 EDT 2019
