# Server version 0.08 running on 142.157.75.105:54321
# Game ID: 398
# Board class: pentago_swap.PentagoBoard
# Timeout: 2000
# First Move Timeout: 30000
# Date: Thu Apr 11 15:45:17 EDT 2019
# Player 1: Player-0, '260745604', running on 142.157.75.105
# Player 2: Player-1, 'Human', running on 142.157.75.105
START Player-0 260745604
START Player-1 Human
1 1 TL BL 0
4 4 BR TR 1
1 1 TR BL 0
4 4 BR BL 1
1 0 TR BR 0
4 5 BR TR 1
1 2 TR TL 0
1 0 TL TR 1
0 0 TL TR 0
2 3 TR BR 1
0 0 TL TR 0
5 5 BR TL 1
2 5 TL TR 0
2 1 TL TR 1
2 1 TL TR 0
4 3 TR TL 1
4 0 TL BR 0
1 2 TL BR 1
4 2 TR BR 0
2 4 TR BR 1
3 1 TL TR 0
0 4 TR TL 1
5 0 TL TR 0
3 0 TL TR 1
3 3 TL TR 0
5 1 TL TR 1
3 4 BL TR 0
5 5 BL TR 1
5 2 TR TL 0
0 5 TR BL 1
GAMEOVER WINNER 1
# Game ended: Thu Apr 11 15:50:52 EDT 2019
