# Server version 0.08 running on 142.157.75.105:8123
# Game ID: 201
# Board class: pentago_swap.PentagoBoard
# Timeout: 2000
# First Move Timeout: 30000
# Date: Fri Apr 05 20:57:48 EDT 2019
# Player 1: Player-0, '260745604', running on 142.157.75.105
# Player 2: Player-1, 'RandomPlayer', running on 142.157.75.105
START Player-0 260745604
START Player-1 RandomPlayer
1 1 BR TR 0
0 1 TR BR 1
4 1 TL BL 0
3 2 TL TR 1
3 0 BL TR 0
2 1 BL BR 1
1 3 BL TR 0
3 3 TL BL 1
2 1 TR BR 0
5 4 BL BR 1
0 4 TL TR 0
3 5 TL TR 1
2 4 TR BL 0
GAMEOVER WINNER 0
# Game ended: Fri Apr 05 20:57:51 EDT 2019
