# Server version 0.08 running on 142.157.75.105:8123
# Game ID: 181
# Board class: pentago_swap.PentagoBoard
# Timeout: 2000
# First Move Timeout: 30000
# Date: Fri Apr 05 20:05:30 EDT 2019
# Player 1: Player-0, '260745604', running on 142.157.75.105
# Player 2: Player-1, 'RandomPlayer', running on 142.157.75.105
START Player-0 260745604
START Player-1 RandomPlayer
1 1 BR BL 0
0 1 TR BR 1
4 1 TL BR 0
3 0 TL TR 1
4 0 TR TL 0
1 3 BL BR 1
4 5 BR TR 0
3 4 TL BL 1
2 2 TR BR 0
5 4 BL BR 1
1 2 BL BR 0
3 2 TL TR 1
5 5 TR BR 0
1 1 BL BR 1
5 5 BL BR 0
5 1 TR BR 1
5 3 TR BR 0
2 0 TL BR 1
GAMEOVER WINNER 0
# Game ended: Fri Apr 05 20:05:35 EDT 2019
