# Server version 0.08 running on 142.157.75.105:54321
# Game ID: 380
# Board class: pentago_swap.PentagoBoard
# Timeout: 2000
# First Move Timeout: 30000
# Date: Wed Apr 10 20:00:06 EDT 2019
# Player 1: Player-0, '260745604', running on 142.157.75.105
# Player 2: Player-1, '260698807', running on 142.157.152.160
START Player-0 260745604
START Player-1 260698807
1 1 TR BR 0
1 4 TL TR 1
4 1 BL BR 0
4 1 TL TR 1
1 0 TR BR 0
1 2 TL BL 1
1 3 TL BR 0
2 3 TL BR 1
2 5 TL TR 0
3 1 TL TR 1
5 2 TL TR 0
0 2 TL TR 1
0 0 TL TR 0
1 3 TL TR 1
4 3 TR BR 0
2 3 TR BR 1
2 0 TL TR 0
2 5 TL TR 1
3 5 BR TR 0
1 5 TR BR 1
1 2 TR TL 0
5 0 TL TR 1
5 5 TL TR 0
3 4 TL TR 1
0 1 TL BR 0
2 1 TL BR 1
2 1 TR BR 0
0 2 TR BR 1
5 1 TL TR 0
0 0 TL TR 1
0 4 TR BR 0
0 3 TR BR 1
3 0 TL TR 0
1 2 TL TR 1
3 2 TL TR 0
2 1 TL TR 1
GAMEOVER DRAW
# Game ended: Wed Apr 10 20:00:16 EDT 2019
