# Server version 0.08 running on 142.157.75.105:54321
# Game ID: 390
# Board class: pentago_swap.PentagoBoard
# Timeout: 2000
# First Move Timeout: 30000
# Date: Wed Apr 10 20:34:04 EDT 2019
# Player 1: Player-0, '260332257', running on 142.157.142.79
# Player 2: Player-1, '260745604', running on 142.157.75.105
START Player-0 260332257
START Player-1 260745604
1 1 TL BL 0
1 1 BL TL 1
1 4 TL BL 0
4 4 TR TL 1
2 2 TL BL 0
3 0 TR BL 1
2 2 TL BL 0
3 0 BR TR 1
5 4 BL BR 0
5 4 TL BL 1
2 0 BL BR 0
2 4 BL BR 1
5 3 BL BR 0
5 4 BR BL 1
5 2 BL BR 0
5 3 BR TL 1
3 2 TR BR 0
GAMEOVER WINNER 0
# Game ended: Wed Apr 10 20:34:09 EDT 2019
