# Server version 0.08 running on 142.157.75.105:54321
# Game ID: 309
# Board class: pentago_swap.PentagoBoard
# Timeout: 2000
# First Move Timeout: 30000
# Date: Tue Apr 09 21:13:25 EDT 2019
# Player 1: Player-0, '260745604', running on 142.157.75.105
# Player 2: Player-1, '260745604', running on 142.157.75.105
START Player-0 260745604
START Player-1 260745604
1 1 TL TR 0
1 1 BR TR 1
4 3 TL BR 0
1 2 TL BL 1
5 5 TR BR 0
3 0 TR BL 1
0 5 BL BR 0
5 4 BL BR 1
5 0 BL BR 0
4 3 BL BR 1
5 5 BL BR 0
4 1 BL BR 1
5 4 TR BR 0
5 4 TR BR 1
2 5 TR BR 0
5 3 TR BR 1
5 3 BL BR 0
4 0 BL BR 1
4 5 BL BR 0
4 5 BL BR 1
GAMEOVER WINNER 1
# Game ended: Tue Apr 09 21:13:28 EDT 2019
