# Server version 0.08 running on 142.157.75.105:54321
# Game ID: 326
# Board class: pentago_swap.PentagoBoard
# Timeout: 2000
# First Move Timeout: 30000
# Date: Tue Apr 09 23:03:47 EDT 2019
# Player 1: Player-0, '260745604', running on 142.157.75.105
# Player 2: Player-1, 'Human', running on 142.157.75.105
START Player-0 260745604
START Player-1 Human
1 1 BL TR 0
1 4 TR BR 1
4 1 BL BR 0
1 4 TR TL 1
1 3 BL TL 0
1 5 TR BR 1
1 3 TL BR 0
1 5 TR BL 1
0 0 TR BR 0
2 0 TL TR 1
3 0 BL BR 0
5 3 BR BL 1
3 1 TL BR 0
0 4 TR TL 1
2 2 BL BR 0
GAMEOVER WINNER 0
# Game ended: Tue Apr 09 23:04:24 EDT 2019
