# Server version 0.08 running on 142.157.75.105:54321
# Game ID: 225
# Board class: pentago_swap.PentagoBoard
# Timeout: 2000
# First Move Timeout: 30000
# Date: Sat Apr 06 10:20:41 EDT 2019
# Player 1: Player-0, 'Human', running on 142.157.75.105
# Player 2: Player-1, '260745604', running on 142.157.75.105
START Player-0 Human
START Player-1 260745604
3 3 BR TL 0
1 1 BR TL 1
1 5 TR BL 0
1 1 TL BR 1
1 3 TR BR 0
1 0 TL TR 1
1 5 TR TL 0
0 1 TL BL 1
4 4 BR TR 0
GAMEOVER TIMEOUT WINNER 0
# Game ended: Sat Apr 06 10:22:23 EDT 2019
