# Server version 0.08 running on 142.157.75.105:54321
# Game ID: 262
# Board class: pentago_swap.PentagoBoard
# Timeout: 2000
# First Move Timeout: 30000
# Date: Sat Apr 06 15:13:25 EDT 2019
# Player 1: Player-0, 'Human', running on 142.157.75.105
# Player 2: Player-1, '260745604', running on 142.157.75.105
START Player-0 Human
START Player-1 260745604
1 4 TR TL 0
4 1 TL BR 1
1 1 TL BL 0
1 4 TR TL 1
4 3 BR TR 0
1 5 BR TL 1
1 2 TL BL 0
4 0 TR BR 1
2 1 TL TR 0
0 0 TL TR 1
3 4 BR BL 0
0 0 TL BL 1
3 1 TL BL 0
GAMEOVER WINNER 0
# Game ended: Sat Apr 06 15:15:21 EDT 2019
