# Server version 0.08 running on 142.157.75.165:8123
# Game ID: 10
# Board class: pentago_swap.PentagoBoard
# Timeout: 2000
# First Move Timeout: 30000
# Date: Tue Mar 26 15:54:48 EDT 2019
# Player 1: Player-0, 'Human', running on 142.157.75.165
# Player 2: Player-1, 'RandomPlayer', running on 142.157.75.165
START Player-0 Human
START Player-1 RandomPlayer
1 1 TL TR 0
0 1 TR BR 1
4 1 BL TR 0
3 2 TL TR 1
1 4 TR BL 0
1 5 BL BR 1
4 2 BL TR 0
3 3 TL BL 1
4 5 BR TL 0
5 4 BL BR 1
1 3 TR BR 0
3 1 TL TR 1
3 4 BR TR 0
0 5 BL BR 1
1 2 BL TL 0
GAMEOVER WINNER 0
# Game ended: Tue Mar 26 15:56:01 EDT 2019
