# Server version 0.08 running on 142.157.75.105:8123
# Game ID: 67
# Board class: pentago_swap.PentagoBoard
# Timeout: 2000
# First Move Timeout: 30000
# Date: Wed Apr 03 10:11:25 EDT 2019
# Player 1: Player-0, '260745604', running on 142.157.75.105
# Player 2: Player-1, 'Human', running on 142.157.75.105
START Player-0 260745604
START Player-1 Human
1 1 TL BR 0
1 4 TR BR 1
1 1 TL BR 0
4 1 BL TR 1
1 3 TR BR 0
3 4 BR TL 1
3 1 TL TR 0
3 4 BR TR 1
0 1 BL BR 0
2 4 TR TL 1
GAMEOVER WINNER 1
# Game ended: Wed Apr 03 10:11:49 EDT 2019
