# Server version 0.08 running on 142.157.75.105:54321
# Game ID: 384
# Board class: pentago_swap.PentagoBoard
# Timeout: 2000
# First Move Timeout: 30000
# Date: Wed Apr 10 20:22:11 EDT 2019
# Player 1: Player-0, '260745604', running on 142.157.75.105
# Player 2: Player-1, '260673394', running on vpn67051.vpn.mcgill.ca
START Player-0 260745604
START Player-1 260673394
1 1 TR BL 0
1 4 TL TR 1
4 1 BL BR 0
4 1 TL TR 1
1 0 BL TR 0
4 3 TR BR 1
1 2 BR BL 0
0 0 TR BR 1
4 5 TL TR 0
1 2 TL TR 1
1 3 BL BR 0
3 5 TR BR 1
2 3 TR BR 0
3 3 TR BL 1
0 1 TL TR 0
GAMEOVER WINNER 0
# Game ended: Wed Apr 10 20:22:21 EDT 2019
