# Server version 0.08 running on 142.157.75.105:54321
# Game ID: 372
# Board class: pentago_swap.PentagoBoard
# Timeout: 2000
# First Move Timeout: 30000
# Date: Wed Apr 10 19:38:14 EDT 2019
# Player 1: Player-0, '260673394', running on vpn67051.vpn.mcgill.ca
# Player 2: Player-1, '260745604', running on 142.157.75.105
START Player-0 260673394
START Player-1 260745604
1 1 TL TR 0
1 1 BR TR 1
1 4 TL TR 0
4 1 BR BL 1
0 1 TL BL 0
5 1 TR TL 1
0 4 TL TR 0
2 1 BL TL 1
3 0 BL BR 0
0 0 TL TR 1
2 5 TL TR 0
5 5 TL BR 1
2 0 TR BR 0
2 3 TL TR 1
0 5 BL BR 0
0 2 BL TL 1
3 4 TR BL 0
0 1 TR BL 1
3 3 TR BL 0
GAMEOVER WINNER 0
# Game ended: Wed Apr 10 19:38:28 EDT 2019
