# Server version 0.08 running on 142.157.75.105:54321
# Game ID: 353
# Board class: pentago_swap.PentagoBoard
# Timeout: 2000
# First Move Timeout: 30000
# Date: Wed Apr 10 18:35:41 EDT 2019
# Player 1: Player-0, 'Human', running on 142.157.75.105
# Player 2: Player-1, '260745604', running on 142.157.75.105
START Player-0 Human
START Player-1 260745604
1 1 TL TR 0
1 1 TL BL 1
1 1 TL BL 0
4 4 TR BR 1
3 1 BL BR 0
5 4 BR TR 1
3 1 BL BR 0
5 4 BL BR 1
4 2 BL BR 0
3 3 TL BR 1
1 0 TL BL 0
0 1 BL TR 1
4 2 BL BR 0
2 1 TL TR 1
4 3 BR BL 0
GAMEOVER TIMEOUT WINNER 0
# Game ended: Wed Apr 10 18:39:48 EDT 2019
