# Server version 0.08 running on 142.157.75.105:8123
# Game ID: 155
# Board class: pentago_swap.PentagoBoard
# Timeout: 2000
# First Move Timeout: 30000
# Date: Fri Apr 05 18:13:20 EDT 2019
# Player 1: Player-0, 'Human', running on 142.157.75.105
# Player 2: Player-1, '260745604', running on 142.157.75.105
START Player-0 Human
START Player-1 260745604
1 1 TR TL 0
1 1 TL BR 1
4 1 BL TL 0
4 1 BR TR 1
1 2 TL TR 0
1 3 TR BR 1
3 5 BR BL 0
5 0 BL TL 1
2 2 TR TL 0
5 5 BL BR 1
4 5 BL TL 0
5 5 BL BR 1
3 2 BL BR 0
GAMEOVER WINNER 0
# Game ended: Fri Apr 05 18:14:01 EDT 2019
