# Server version 0.08 running on 142.157.75.105:54321
# Game ID: 316
# Board class: pentago_swap.PentagoBoard
# Timeout: 2000
# First Move Timeout: 30000
# Date: Tue Apr 09 21:54:53 EDT 2019
# Player 1: Player-0, 'Human', running on 142.157.75.105
# Player 2: Player-1, '260745604', running on 142.157.75.105
START Player-0 Human
START Player-1 260745604
1 4 TR TL 0
4 1 BL TR 1
2 1 TL TR 0
0 4 BL TL 1
4 4 BR TL 0
4 0 TR BR 1
4 2 BL BR 0
3 4 BR TR 1
2 4 TR BR 0
3 3 TR BL 1
3 5 BR BL 0
5 0 TR BL 1
2 1 TL BR 0
3 0 TR BR 1
3 2 BL TL 0
5 5 BL BR 1
1 0 TL TR 0
2 0 BL BR 1
2 5 TL BL 0
1 0 TR BR 1
