# Server version 0.08 running on 142.157.75.105:8123
# Game ID: 146
# Board class: pentago_swap.PentagoBoard
# Timeout: 2000
# First Move Timeout: 30000
# Date: Fri Apr 05 13:05:53 EDT 2019
# Player 1: Player-0, 'Human', running on 142.157.75.105
# Player 2: Player-1, '260745604', running on 142.157.75.105
START Player-0 Human
START Player-1 260745604
1 1 TL TR 0
1 1 TL TR 1
4 4 BR BL 0
4 4 TL BL 1
3 2 BL TR 0
2 3 TL BL 1
4 2 BL BR 0
4 3 BL TL 1
GAMEOVER USER CANCEL UNDECIDED
# Game ended: Fri Apr 05 13:06:41 EDT 2019
