# Server version 0.08 running on 142.157.75.105:54321
# Game ID: 378
# Board class: pentago_swap.PentagoBoard
# Timeout: 2000
# First Move Timeout: 30000
# Date: Wed Apr 10 19:55:44 EDT 2019
# Player 1: Player-0, '26074280', running on 142.157.62.33
# Player 2: Player-1, '260745604', running on 142.157.75.105
START Player-0 26074280
START Player-1 260745604
1 1 TL TR 0
1 1 BL BR 1
4 1 TL TR 0
4 4 BR TR 1
0 1 TL TR 0
2 4 BL BR 1
0 3 TL TR 0
0 2 TR BR 1
2 2 TL TR 0
0 0 BR BL 1
2 2 TR BR 0
GAMEOVER WINNER 0
# Game ended: Wed Apr 10 19:55:52 EDT 2019
