# Server version 0.08 running on 142.157.75.105:54321
# Game ID: 307
# Board class: pentago_swap.PentagoBoard
# Timeout: 2000
# First Move Timeout: 30000
# Date: Tue Apr 09 21:00:53 EDT 2019
# Player 1: Player-0, '260745604', running on 142.157.75.105
# Player 2: Player-1, 'Human', running on 142.157.75.105
START Player-0 260745604
START Player-1 Human
1 1 TL BR 0
1 1 TL TR 1
1 1 BL TL 0
1 3 TR TL 1
1 2 BL TR 0
2 1 TL BL 1
3 1 TR BR 0
3 4 BR TR 1
GAMEOVER TIMEOUT WINNER 1
# Game ended: Tue Apr 09 21:01:05 EDT 2019
