# Server version 0.08 running on 142.157.75.165:8123
# Game ID: 3
# Board class: pentago_swap.PentagoBoard
# Timeout: 2000
# First Move Timeout: 30000
# Date: Tue Mar 26 10:30:22 EDT 2019
# Player 1: Player-0, 'Human', running on 142.157.75.165
# Player 2: Player-1, 'RandomPlayer', running on 142.157.75.165
START Player-0 Human
START Player-1 RandomPlayer
3 1 TL TR 0
0 1 TR BR 1
2 2 BR TR 0
3 3 TL TR 1
2 1 TR BR 0
1 4 BL BR 1
2 2 TR BR 0
3 4 TL BL 1
3 2 BR BL 0
5 2 BL BR 1
4 2 BR TR 0
3 3 TL TR 1
4 4 TR TL 0
1 1 BL BR 1
0 2 TR BR 0
5 2 TR BR 1
3 2 TR BR 0
1 3 TL BR 1
4 5 TL BL 0
GAMEOVER WINNER 0
# Game ended: Tue Mar 26 10:34:12 EDT 2019
