# Server version 0.08 running on 142.157.75.105:8123
# Game ID: 161
# Board class: pentago_swap.PentagoBoard
# Timeout: 2000
# First Move Timeout: 30000
# Date: Fri Apr 05 18:49:39 EDT 2019
# Player 1: Player-0, 'RandomPlayer', running on 142.157.75.105
# Player 2: Player-1, '260745604', running on 142.157.75.105
START Player-0 RandomPlayer
START Player-1 260745604
5 2 TR BR 0
1 1 BL TL 1
0 3 TL TR 0
1 1 TL BL 1
4 0 BL BR 0
5 3 TL TR 1
1 5 TL BL 0
1 3 BR TR 1
5 3 BL BR 0
5 4 BL BR 1
1 5 TL TR 0
5 5 BL BR 1
0 1 BL BR 0
5 4 BL BR 1
4 3 TR BR 0
5 5 TR BR 1
1 4 TL BR 0
5 5 BL BR 1
3 4 TR BR 0
0 3 TR BR 1
3 2 TL TR 0
0 0 TL TR 1
2 4 TR BR 0
4 3 BL BR 1
1 1 BL BR 0
5 3 TL BL 1
3 0 TR BR 0
GAMEOVER WINNER 1
# Game ended: Fri Apr 05 18:49:45 EDT 2019
