# Server version 0.08 running on 142.157.75.105:54321
# Game ID: 388
# Board class: pentago_swap.PentagoBoard
# Timeout: 2000
# First Move Timeout: 30000
# Date: Wed Apr 10 20:33:04 EDT 2019
# Player 1: Player-0, '260745604', running on 142.157.75.105
# Player 2: Player-1, '260332257', running on 142.157.142.79
START Player-0 260745604
START Player-1 260332257
1 1 BR TL 0
1 1 TL BL 1
1 1 BR BL 0
1 4 TL BL 1
1 0 TL TR 0
2 2 TL BL 1
3 0 BL TR 0
3 3 TL BL 1
5 5 TR BL 0
5 1 BL BR 1
3 1 TL BR 0
2 0 BL BR 1
2 4 BR TR 0
5 5 BL BR 1
5 0 BL TL 0
5 5 BL BR 1
5 1 BL TR 0
5 1 BL BR 1
2 3 TR BR 0
2 3 TL BL 1
GAMEOVER WINNER 1
# Game ended: Wed Apr 10 20:33:11 EDT 2019
