# Server version 0.08 running on 142.157.75.165:8123
# Game ID: 46
# Board class: pentago_swap.PentagoBoard
# Timeout: 2000
# First Move Timeout: 30000
# Date: Wed Mar 27 15:21:04 EDT 2019
# Player 1: Player-0, 'Human', running on 142.157.75.165
# Player 2: Player-1, 'Human', running on 142.157.75.165
START Player-0 Human
START Player-1 Human
2 3 BR BL 0
4 4 BR TR 1
1 1 TL TR 0
4 1 BL BR 1
2 3 TR TL 0
4 1 BL TL 1
3 2 BR TL 0
3 4 BR BL 1
5 1 BR BL 0
5 1 BL TL 1
2 4 TL TR 0
2 2 TL BL 1
3 3 BR TL 0
1 3 TR TL 1
3 3 TL BL 0
1 3 TR BR 1
2 4 TR TL 0
3 1 BL TL 1
5 2 TR TL 0
0 2 BR BL 1
GAMEOVER WINNER 1
# Game ended: Wed Mar 27 15:26:44 EDT 2019
