# Server version 0.08 running on 142.157.75.105:54321
# Game ID: 282
# Board class: pentago_swap.PentagoBoard
# Timeout: 2000
# First Move Timeout: 30000
# Date: Tue Apr 09 12:23:33 EDT 2019
# Player 1: Player-0, '260745604', running on 142.157.75.105
# Player 2: Player-1, 'RandomPlayer', running on 142.157.75.105
START Player-0 260745604
START Player-1 RandomPlayer
1 1 TL BR 0
0 1 TR BR 1
1 1 TL BR 0
3 1 TL TR 1
1 0 BL TL 0
1 4 BL BR 1
4 5 TR TL 0
3 2 TL BL 1
1 2 TL BL 0
GAMEOVER WINNER 0
# Game ended: Tue Apr 09 12:23:33 EDT 2019
