# Server version 0.08 running on 142.157.75.165:8123
# Game ID: 25
# Board class: pentago_swap.PentagoBoard
# Timeout: 2000
# First Move Timeout: 30000
# Date: Tue Mar 26 19:55:42 EDT 2019
# Player 1: Player-0, '260745604', running on 142.157.75.165
# Player 2: Player-1, 'RandomPlayer', running on 142.157.75.165
START Player-0 260745604
START Player-1 RandomPlayer
1 1 BL TL 0
0 1 TR BR 1
1 1 BR TL 0
3 0 TL TR 1
1 2 TR BR 0
2 0 BL BR 1
3 1 TL TR 0
3 5 TL BL 1
0 2 BL BR 0
5 4 BL BR 1
3 0 TL BL 0
4 0 TL TR 1
3 4 BL BR 0
1 0 BL BR 1
2 5 TL TR 0
5 3 TR BR 1
4 1 BL BR 0
2 0 TL BR 1
3 5 TR BR 0
4 3 TR BR 1
3 1 TL BR 0
3 3 TL TR 1
1 3 TR BR 0
3 0 TR BR 1
GAMEOVER WINNER 1
# Game ended: Tue Mar 26 19:55:42 EDT 2019
