# Server version 0.08 running on 142.157.75.105:54321
# Game ID: 354
# Board class: pentago_swap.PentagoBoard
# Timeout: 2000
# First Move Timeout: 30000
# Date: Wed Apr 10 18:41:40 EDT 2019
# Player 1: Player-0, 'Human', running on 142.157.75.105
# Player 2: Player-1, '260745604', running on 142.157.75.105
START Player-0 Human
START Player-1 260745604
1 4 TR TL 0
4 1 TR BL 1
4 4 BR BL 0
4 4 TR TL 1
0 4 TR TL 0
2 1 TL BL 1
0 1 TL TR 0
2 4 BL BR 1
4 3 BR BL 0
0 0 TL TR 1
4 2 BL BR 0
1 0 BR TL 1
1 3 TR BR 0
1 5 TL BR 1
