# Server version 0.08 running on 142.157.75.165:8123
# Game ID: 9
# Board class: pentago_swap.PentagoBoard
# Timeout: 2000
# First Move Timeout: 30000
# Date: Tue Mar 26 15:34:56 EDT 2019
# Player 1: Player-0, 'Human', running on 142.157.75.165
# Player 2: Player-1, 'Human', running on 142.157.75.165
START Player-0 Human
START Player-1 Human
1 4 BR BL 0
1 1 TL BR 1
1 3 TR BR 0
4 5 TL TR 1
1 4 TR TL 0
2 3 BL TL 1
1 1 TR TL 0
2 1 BR TR 1
4 3 TL BR 0
1 2 BL BR 1
4 5 BR BL 0
4 0 TL TR 1
2 1 BR TL 0
2 2 TL BL 1
2 1 TL BL 0
3 4 TR TL 1
3 1 BR TL 0
GAMEOVER WINNER 0
# Game ended: Tue Mar 26 15:39:05 EDT 2019
