# Server version 0.08 running on 142.157.75.105:54321
# Game ID: 399
# Board class: pentago_swap.PentagoBoard
# Timeout: 2000
# First Move Timeout: 30000
# Date: Thu Apr 11 15:51:23 EDT 2019
# Player 1: Player-0, 'Human', running on 142.157.75.105
# Player 2: Player-1, '260745604', running on 142.157.75.105
START Player-0 Human
START Player-1 260745604
1 1 TL TR 0
1 1 TL BL 1
1 1 TL TR 0
4 4 BR TL 1
4 3 BR BL 0
4 2 BR BL 1
3 3 BR TL 0
2 0 TR BR 1
3 3 BR TR 0
2 2 BL BR 1
2 5 TR BR 0
0 2 TL TR 1
4 3 BR TL 0
1 2 TR BL 1
2 0 TR BR 0
GAMEOVER WINNER 0
# Game ended: Thu Apr 11 15:52:03 EDT 2019
