# Server version 0.08 running on 142.157.75.105:54321
# Game ID: 299
# Board class: pentago_swap.PentagoBoard
# Timeout: 2000
# First Move Timeout: 30000
# Date: Tue Apr 09 20:25:56 EDT 2019
# Player 1: Player-0, '260745604', running on 142.157.75.105
# Player 2: Player-1, 'Human', running on 142.157.75.105
START Player-0 260745604
START Player-1 Human
1 1 BR BL 0
1 2 TL TR 1
1 1 TR BR 0
1 4 TR BL 1
1 0 TR BR 0
4 2 BL BR 1
1 2 BL BR 0
1 3 TR BR 1
5 5 BL BR 0
3 4 BR TR 1
5 5 BL BR 0
2 4 TR TL 1
5 4 BL BR 0
1 0 TL BR 1
5 5 BL BR 0
1 1 TR BR 1
5 5 BL BR 0
2 1 TL TR 1
GAMEOVER WINNER 1
# Game ended: Tue Apr 09 20:28:59 EDT 2019
