# Server version 0.08 running on 142.157.75.165:8123
# Game ID: 7
# Board class: pentago_swap.PentagoBoard
# Timeout: 2000
# First Move Timeout: 30000
# Date: Tue Mar 26 10:37:01 EDT 2019
# Player 1: Player-0, 'Human', running on 142.157.75.165
# Player 2: Player-1, 'RandomPlayer', running on 142.157.75.165
START Player-0 Human
START Player-1 RandomPlayer
1 1 TL TR 0
0 1 TR BR 1
3 3 BR BL 0
3 2 TL TR 1
4 2 BR TL 0
1 4 BL BR 1
4 3 TR BL 0
2 5 TL BL 1
4 2 TL TR 0
5 4 BL BR 1
4 3 TL TR 0
2 4 TL TR 1
4 4 TL TR 0
GAMEOVER WINNER 0
# Game ended: Tue Mar 26 10:38:14 EDT 2019
