# Server version 0.08 running on 142.157.75.105:54321
# Game ID: 211
# Board class: pentago_swap.PentagoBoard
# Timeout: 2000
# First Move Timeout: 30000
# Date: Fri Apr 05 21:29:18 EDT 2019
# Player 1: Player-0, '260745372', running on 142.157.57.19
# Player 2: Player-1, '260745604', running on 142.157.75.105
START Player-0 260745372
START Player-1 260745604
4 1 BL TL 0
4 1 TL BL 1
1 4 TR TL 0
4 4 BL TL 1
1 2 BL BR 0
1 0 TR BR 1
1 5 BL BR 0
1 3 TL TR 1
5 5 TR BR 0
5 5 BL BR 1
5 5 TR BR 0
2 3 TR BR 1
5 4 TR BR 0
0 0 TL TR 1
5 4 TR BR 0
0 0 TL TR 1
2 0 TL TR 0
GAMEOVER WINNER 0
# Game ended: Fri Apr 05 21:29:32 EDT 2019
