# Server version 0.08 running on 142.157.75.165:8123
# Game ID: 52
# Board class: pentago_swap.PentagoBoard
# Timeout: 2000
# First Move Timeout: 30000
# Date: Wed Mar 27 17:47:20 EDT 2019
# Player 1: Player-0, 'Human', running on 142.157.75.165
# Player 2: Player-1, 'Human', running on 142.157.75.165
START Player-0 Human
START Player-1 Human
1 1 TR TL 0
1 1 TL TR 1
4 4 BR TR 0
4 1 BL TL 1
2 3 BR TR 0
3 2 BL TL 1
4 3 BR TR 0
1 0 TL BR 1
3 4 BR BL 0
5 1 BL TR 1
3 0 BL TL 0
4 0 TR BL 1
4 3 BR BL 0
3 0 BL BR 1
5 3 BR TL 0
2 2 TL BR 1
2 5 TR TL 0
0 0 BR TL 1
GAMEOVER WINNER 1
# Game ended: Wed Mar 27 18:07:34 EDT 2019
