# Server version 0.08 running on 142.157.75.105:8123
# Game ID: 199
# Board class: pentago_swap.PentagoBoard
# Timeout: 2000
# First Move Timeout: 30000
# Date: Fri Apr 05 20:48:40 EDT 2019
# Player 1: Player-0, '260745604', running on 142.157.75.105
# Player 2: Player-1, 'Human', running on 142.157.75.105
START Player-0 260745604
START Player-1 Human
1 1 BL TL 0
1 1 TL TR 1
1 1 BL BR 0
4 1 BL TL 1
4 0 BR TL 0
1 3 TR TL 1
1 2 BR BL 0
0 5 TR TL 1
5 5 BL BR 0
3 0 BL TL 1
0 5 TR BR 0
1 2 TL TR 1
5 5 BL BR 0
1 2 TL TR 1
5 5 TL BR 0
1 3 TR BL 1
1 2 BL BR 0
