# Server version 0.08 running on 142.157.75.105:54321
# Game ID: 391
# Board class: pentago_swap.PentagoBoard
# Timeout: 2000
# First Move Timeout: 30000
# Date: Wed Apr 10 20:39:16 EDT 2019
# Player 1: Player-0, '260745604', running on 142.157.75.105
# Player 2: Player-1, '260332257', running on 142.157.142.79
START Player-0 260745604
START Player-1 260332257
1 1 TL TR 0
1 1 TL BL 1
1 1 BR TR 0
1 4 TL BL 1
4 0 BR TR 0
2 2 TL BL 1
3 0 TR TL 0
3 3 TL BL 1
5 5 TR TL 0
4 3 BL BR 1
1 3 BR BL 0
5 3 BL BR 1
4 3 TL BL 0
5 5 BL BR 1
2 3 TL BR 0
3 1 BL BR 1
0 0 TL BR 0
GAMEOVER WINNER 0
# Game ended: Wed Apr 10 20:39:24 EDT 2019
