# Server version 0.08 running on 142.157.75.165:8123
# Game ID: 40
# Board class: pentago_swap.PentagoBoard
# Timeout: 2000
# First Move Timeout: 30000
# Date: Wed Mar 27 10:20:18 EDT 2019
# Player 1: Player-0, 'Human', running on 142.157.75.165
# Player 2: Player-1, 'Human', running on 142.157.75.165
START Player-0 Human
START Player-1 Human
1 4 BR BL 0
4 1 BL TL 1
4 1 TL BR 0
1 1 TR BR 1
4 3 TL TR 0
4 2 TR BR 1
1 5 BL BR 0
4 3 TR BL 1
1 3 BR BL 0
3 1 TR BL 1
3 1 BR TL 0
3 4 TR BR 1
2 2 TR BL 0
2 5 TL TR 1
3 3 TR TL 0
5 5 BL TL 1
3 0 TL BL 0
GAMEOVER WINNER 0
# Game ended: Wed Mar 27 10:25:03 EDT 2019
