# Server version 0.08 running on 142.157.75.165:8123
# Game ID: 41
# Board class: pentago_swap.PentagoBoard
# Timeout: 2000
# First Move Timeout: 30000
# Date: Wed Mar 27 10:47:58 EDT 2019
# Player 1: Player-0, 'Human', running on 142.157.75.165
# Player 2: Player-1, 'Human', running on 142.157.75.165
START Player-0 Human
START Player-1 Human
1 1 TL BL 0
1 4 TL BR 1
1 1 TL TR 0
4 4 TR BR 1
3 4 BL BR 0
5 1 BL TL 1
1 2 BR TL 0
4 3 BR TR 1
1 2 TL BL 0
4 0 BR TR 1
5 1 BR BL 0
2 4 TR TL 1
3 4 BR TL 0
GAMEOVER WINNER 0
# Game ended: Wed Mar 27 10:52:18 EDT 2019
