# Server version 0.08 running on 142.157.75.105:54321
# Game ID: 396
# Board class: pentago_swap.PentagoBoard
# Timeout: 2000
# First Move Timeout: 30000
# Date: Wed Apr 10 20:46:43 EDT 2019
# Player 1: Player-0, '260698807', running on 142.157.152.160
# Player 2: Player-1, '260745604', running on 142.157.75.105
START Player-0 260698807
START Player-1 260745604
1 1 TL TR 0
1 1 TR TL 1
4 1 TL TR 0
4 4 TL BL 1
0 2 TL BL 0
5 0 TL TR 1
2 5 TL TR 0
1 0 TR BL 1
1 2 TR BL 0
4 2 TL BR 1
3 0 TL BR 0
0 3 BL TR 1
0 1 TR BL 0
3 1 BL BR 1
2 3 BL BR 0
0 5 BR BL 1
4 2 TL BL 0
0 2 BL TL 1
3 1 BL BR 0
GAMEOVER WINNER 0
# Game ended: Wed Apr 10 20:46:50 EDT 2019
