# Server version 0.08 running on 142.157.75.165:8123
# Game ID: 43
# Board class: pentago_swap.PentagoBoard
# Timeout: 2000
# First Move Timeout: 30000
# Date: Wed Mar 27 15:11:34 EDT 2019
# Player 1: Player-0, 'Human', running on 142.157.75.165
# Player 2: Player-1, 'Human', running on 142.157.75.165
START Player-0 Human
START Player-1 Human
0 1 TL TR 0
4 4 BL BR 1
3 4 BR TL 0
4 4 BR TR 1
2 5 TR BR 0
1 5 TR TL 1
1 3 TR TL 0
1 3 TR TL 1
3 1 BL TL 0
4 5 BR TR 1
1 0 TL BL 0
1 1 TL TR 1
GAMEOVER WINNER 1
# Game ended: Wed Mar 27 15:13:04 EDT 2019
