# Server version 0.08 running on 142.157.75.105:54321
# Game ID: 277
# Board class: pentago_swap.PentagoBoard
# Timeout: 2000
# First Move Timeout: 30000
# Date: Sat Apr 06 16:29:48 EDT 2019
# Player 1: Player-0, 'Human', running on 142.157.75.105
# Player 2: Player-1, '260745604', running on 142.157.75.105
START Player-0 Human
START Player-1 260745604
1 1 TL TR 0
1 1 BR TR 1
1 4 TR BR 0
4 1 TL BL 1
1 2 TL BL 0
1 0 BL TL 1
4 2 BL TR 0
1 0 TL BL 1
1 2 TL TR 0
0 0 TL TR 1
2 3 TR TL 0
0 1 TL BL 1
2 1 TL TR 0
0 0 TL TR 1
5 1 BR BL 0
0 0 TR BL 1
0 3 BR BL 0
2 0 TR BR 1
GAMEOVER WINNER 1
# Game ended: Sat Apr 06 16:33:35 EDT 2019
