# Server version 0.08 running on 142.157.75.165:8123
# Game ID: 49
# Board class: pentago_swap.PentagoBoard
# Timeout: 2000
# First Move Timeout: 30000
# Date: Wed Mar 27 15:34:57 EDT 2019
# Player 1: Player-0, 'Human', running on 142.157.75.165
# Player 2: Player-1, 'Human', running on 142.157.75.165
START Player-0 Human
START Player-1 Human
1 1 TL TR 0
1 1 TL BL 1
1 1 TL BL 0
4 4 BR BL 1
3 4 BR TL 0
2 4 TR BL 1
4 2 BL BR 0
1 2 TL BR 1
4 3 BR TR 0
1 0 TL TR 1
3 4 BR TR 0
1 3 TR BL 1
5 5 BR BL 0
2 2 TL BL 1
1 3 BR TR 0
0 0 TR TL 1
3 4 BR TL 0
2 3 BL BR 1
3 0 BL TL 0
2 0 TR BL 1
GAMEOVER WINNER 1
# Game ended: Wed Mar 27 15:41:26 EDT 2019
