# Server version 0.08 running on 142.157.75.105:54321
# Game ID: 371
# Board class: pentago_swap.PentagoBoard
# Timeout: 2000
# First Move Timeout: 30000
# Date: Wed Apr 10 19:36:25 EDT 2019
# Player 1: Player-0, '260745604', running on 142.157.75.105
# Player 2: Player-1, '260673394', running on vpn67051.vpn.mcgill.ca
START Player-0 260745604
START Player-1 260673394
1 1 TL BL 0
1 1 TL TR 1
1 1 TR BR 0
1 4 TL TR 1
1 3 TR BL 0
1 3 TL BL 1
1 2 BR TL 0
1 5 BL BR 1
0 3 TL TR 0
0 4 TR BR 1
0 4 TR BL 0
5 4 TR BL 1
2 4 BL TR 0
4 5 TL BL 1
1 0 BR BL 0
5 4 TR BR 1
4 0 TL BL 0
3 3 TL BL 1
GAMEOVER WINNER 1
# Game ended: Wed Apr 10 19:36:37 EDT 2019
