# Server version 0.08 running on 142.157.75.105:54321
# Game ID: 241
# Board class: pentago_swap.PentagoBoard
# Timeout: 2000
# First Move Timeout: 30000
# Date: Sat Apr 06 12:16:02 EDT 2019
# Player 1: Player-0, '260745604', running on 142.157.75.105
# Player 2: Player-1, 'Human', running on 142.157.75.105
START Player-0 260745604
START Player-1 Human
1 1 BR TL 0
1 4 TR BL 1
1 1 TL BR 0
1 4 TR BR 1
1 0 BR TR 0
1 2 TL TR 1
0 4 TR BL 0
5 1 BL BR 1
0 0 TL TR 0
1 3 TR BL 1
0 4 TR BR 0
4 2 BL BR 1
2 1 TR BR 0
1 2 BL BR 1
GAMEOVER WINNER 1
# Game ended: Sat Apr 06 12:18:21 EDT 2019
