# Server version 0.08 running on 142.157.75.105:54321
# Game ID: 227
# Board class: pentago_swap.PentagoBoard
# Timeout: 2000
# First Move Timeout: 30000
# Date: Sat Apr 06 10:40:51 EDT 2019
# Player 1: Player-0, '260745604', running on 142.157.75.105
# Player 2: Player-1, 'RandomPlayer', running on 142.157.75.105
START Player-0 260745604
START Player-1 RandomPlayer
1 1 TR TL 0
0 1 TR BR 1
1 1 BR TR 0
3 3 TL TR 1
1 0 TR BR 0
2 0 BL BR 1
1 2 TR BR 0
3 5 TL BL 1
1 0 TL BR 0
GAMEOVER WINNER 0
# Game ended: Sat Apr 06 10:40:51 EDT 2019
