# Server version 0.08 running on 142.157.75.165:8123
# Game ID: 42
# Board class: pentago_swap.PentagoBoard
# Timeout: 2000
# First Move Timeout: 30000
# Date: Wed Mar 27 10:52:57 EDT 2019
# Player 1: Player-0, 'Human', running on 142.157.75.165
# Player 2: Player-1, 'Human', running on 142.157.75.165
START Player-0 Human
START Player-1 Human
1 1 TL BR 0
1 4 BR TR 1
1 1 BR TL 0
4 1 BL TR 1
3 2 TR BL 0
2 3 TR BR 1
3 3 TL BR 0
2 2 TL TR 1
2 2 BR TR 0
0 0 TL BR 1
2 3 BL TR 0
0 5 TR BL 1
3 5 TL BL 0
4 5 BR TL 1
2 0 TL TR 0
GAMEOVER WINNER 0
# Game ended: Wed Mar 27 10:58:16 EDT 2019
