# Server version 0.08 running on 142.157.75.165:8123
# Game ID: 34
# Board class: pentago_swap.PentagoBoard
# Timeout: 2000
# First Move Timeout: 30000
# Date: Tue Mar 26 20:22:19 EDT 2019
# Player 1: Player-0, 'RandomPlayer', running on 142.157.75.165
# Player 2: Player-1, '260745604', running on 142.157.75.165
START Player-0 RandomPlayer
START Player-1 260745604
5 2 TR BR 0
1 1 TR BL 1
0 3 TL TR 0
1 1 BR TL 1
3 5 BL BR 0
2 2 TR BR 1
1 4 TL BL 0
1 2 TL TR 1
5 3 BL BR 0
1 0 BL BR 1
2 2 TL TR 0
4 5 TL BL 1
0 0 BL BR 0
2 1 BL BR 1
5 0 TR BR 0
2 4 TL TR 1
1 0 TL BR 0
3 4 BL BR 1
4 3 TR BR 0
3 4 TR BR 1
3 4 TL TR 0
2 4 TL BR 1
4 5 TR BR 0
3 3 TR BR 1
2 3 BL BR 0
5 0 TL TR 1
1 2 TR BR 0
GAMEOVER WINNER 0
# Game ended: Tue Mar 26 20:22:19 EDT 2019
