# Server version 0.08 running on 142.157.75.105:54321
# Game ID: 376
# Board class: pentago_swap.PentagoBoard
# Timeout: 2000
# First Move Timeout: 30000
# Date: Wed Apr 10 19:51:08 EDT 2019
# Player 1: Player-0, '260745604', running on 142.157.75.105
# Player 2: Player-1, '260698807', running on 142.157.152.160
START Player-0 260745604
START Player-1 260698807
1 1 TL BL 0
1 1 TL TR 1
1 1 BL BR 0
4 1 TL TR 1
1 3 BR TR 0
1 3 BL BR 1
4 2 BR TL 0
0 0 TL BR 1
0 0 TR BL 0
0 5 TR BL 1
2 2 TL TR 0
0 4 TL TR 1
3 4 BL TR 0
0 4 TR BL 1
3 0 TL BL 0
4 0 TL BL 1
4 3 BR TR 0
2 3 TR BR 1
2 0 BL TL 0
2 1 TL BL 1
2 1 TR BR 0
5 4 TR BR 1
0 3 TL TR 0
1 5 TL TR 1
1 5 TR TL 0
4 5 TL TR 1
0 2 TL TR 0
0 2 TL TR 1
5 4 TL TR 0
0 1 TL TR 1
5 5 TL TR 0
2 0 TL TR 1
5 0 TR BL 0
2 5 TR BL 1
2 5 TL TR 0
3 5 TL TR 1
GAMEOVER DRAW
# Game ended: Wed Apr 10 19:51:17 EDT 2019
