# Server version 0.08 running on 142.157.75.105:54321
# Game ID: 210
# Board class: pentago_swap.PentagoBoard
# Timeout: 2000
# First Move Timeout: 30000
# Date: Fri Apr 05 21:28:47 EDT 2019
# Player 1: Player-0, '260745604', running on 142.157.75.105
# Player 2: Player-1, '260745372', running on 142.157.57.19
START Player-0 260745604
START Player-1 260745372
5 5 BL BR 0
4 4 BR TR 1
3 3 TR BR 0
4 1 BL TR 1
5 5 BL BR 0
1 5 BL BR 1
5 4 BL BR 0
4 2 BL BR 1
4 3 TL TR 0
5 3 TR BL 1
5 0 TL TR 0
1 3 TL BR 1
GAMEOVER WINNER 1
# Game ended: Fri Apr 05 21:29:00 EDT 2019
