# Server version 0.08 running on 142.157.75.105:54321
# Game ID: 368
# Board class: pentago_swap.PentagoBoard
# Timeout: 2000
# First Move Timeout: 30000
# Date: Wed Apr 10 19:24:32 EDT 2019
# Player 1: Player-0, '260707258', running on 142.157.149.154
# Player 2: Player-1, '260745604', running on 142.157.75.105
START Player-0 260707258
START Player-1 260745604
1 4 TR BR 0
1 1 TL BR 1
4 1 BR TR 0
4 4 TL BR 1
3 4 TR BR 0
2 4 TL BR 1
5 2 TR BR 0
3 0 TL BL 1
5 5 TL TR 0
3 3 TL BR 1
2 4 BL BR 0
0 4 BR BL 1
3 2 TL BL 0
3 3 TL TR 1
2 4 TL BL 0
5 5 TL TR 1
1 0 TL BR 0
3 3 TR BL 1
GAMEOVER WINNER 1
# Game ended: Wed Apr 10 19:24:50 EDT 2019
