# Server version 0.08 running on 142.157.75.105:54321
# Game ID: 375
# Board class: pentago_swap.PentagoBoard
# Timeout: 2000
# First Move Timeout: 30000
# Date: Wed Apr 10 19:46:50 EDT 2019
# Player 1: Player-0, '260745604', running on 142.157.75.105
# Player 2: Player-1, '260698807', running on 142.157.152.160
START Player-0 260745604
START Player-1 260698807
1 1 TR BL 0
1 4 TL TR 1
4 1 TR BR 0
1 4 TL TR 1
4 0 BR BL 0
4 2 TL BL 1
4 5 BR BL 0
2 3 BL BR 1
5 0 BR TR 0
0 3 TR BR 1
0 5 TL TR 0
0 0 TL TR 1
3 0 BL BR 0
4 3 BL BR 1
1 3 BL TR 0
0 1 TR BL 1
2 5 TL TR 0
1 2 TL TR 1
4 2 TL TR 0
3 5 TL TR 1
3 4 TL TR 0
2 4 TL TR 1
1 0 TL TR 0
2 5 TL TR 1
5 4 TL TR 0
2 1 TL TR 1
2 0 BL BR 0
5 5 BL BR 1
0 4 TL TR 0
5 1 TL TR 1
3 1 BR TR 0
0 0 TR BR 1
0 2 TL TR 0
3 2 TL TR 1
5 5 TL TR 0
5 3 BL BR 1
GAMEOVER DRAW
# Game ended: Wed Apr 10 19:46:59 EDT 2019
