# Server version 0.08 running on 142.157.75.105:54321
# Game ID: 362
# Board class: pentago_swap.PentagoBoard
# Timeout: 2000
# First Move Timeout: 30000
# Date: Wed Apr 10 19:16:54 EDT 2019
# Player 1: Player-0, '260745604', running on 142.157.75.105
# Player 2: Player-1, '260673394', running on vpn67051.vpn.mcgill.ca
START Player-0 260745604
START Player-1 260673394
1 1 TR TL 0
1 1 TL TR 1
4 1 BL TL 0
4 4 TL BL 1
1 0 TR BR 0
1 2 TL TR 1
0 4 BR BL 0
1 2 TL TR 1
2 1 TL TR 0
3 4 BL BR 1
2 3 TL TR 0
4 5 BL BR 1
1 3 TR BL 0
1 3 TL BL 1
GAMEOVER WINNER 1
# Game ended: Wed Apr 10 19:17:03 EDT 2019
