# Server version 0.08 running on 142.157.75.105:54321
# Game ID: 324
# Board class: pentago_swap.PentagoBoard
# Timeout: 2000
# First Move Timeout: 30000
# Date: Tue Apr 09 22:07:31 EDT 2019
# Player 1: Player-0, '260745604', running on 142.157.75.105
# Player 2: Player-1, '260764013', running on 142.157.40.156
START Player-0 260745604
START Player-1 260764013
3 3 BL BR 0
1 0 BR BL 1
5 0 TR BR 0
1 1 TR BR 1
0 2 TR BR 0
1 2 BL TR 1
3 1 TR BL 0
4 1 BL TR 1
3 2 TR BL 0
1 4 BR TL 1
3 4 TL BR 0
GAMEOVER WINNER 0
# Game ended: Tue Apr 09 22:07:39 EDT 2019
