# Server version 0.08 running on 142.157.75.165:8123
# Game ID: 11
# Board class: pentago_swap.PentagoBoard
# Timeout: 2000
# First Move Timeout: 30000
# Date: Tue Mar 26 15:57:56 EDT 2019
# Player 1: Player-0, 'Human', running on 142.157.75.165
# Player 2: Player-1, 'Human', running on 142.157.75.165
START Player-0 Human
START Player-1 Human
3 1 TR BL 0
4 4 BR TR 1
3 1 BL TR 0
1 1 TR BR 1
1 3 TR BL 0
4 1 BL TR 1
4 3 BR TL 0
1 1 TR BL 1
5 5 BR TR 0
1 3 TR BR 1
4 5 BR TL 0
1 3 TR BL 1
5 2 BL BR 0
GAMEOVER WINNER 0
# Game ended: Tue Mar 26 15:59:48 EDT 2019
