# Server version 0.08 running on 142.157.75.105:54321
# Game ID: 358
# Board class: pentago_swap.PentagoBoard
# Timeout: 2000
# First Move Timeout: 30000
# Date: Wed Apr 10 19:10:18 EDT 2019
# Player 1: Player-0, 'Human', running on 142.157.75.105
# Player 2: Player-1, '260745604', running on 142.157.75.105
START Player-0 Human
START Player-1 260745604
1 1 TL TR 0
1 1 BR TL 1
1 1 TL BR 0
4 1 TL BR 1
2 2 TL BL 0
3 0 BR TR 1
5 5 TL TR 0
3 3 TR TL 1
2 3 BR BL 0
0 0 TL TR 1
1 0 TL TR 0
0 3 TL TR 1
2 2 TL BR 0
2 5 TL TR 1
GAMEOVER WINNER 1
# Game ended: Wed Apr 10 19:11:11 EDT 2019
