# Server version 0.08 running on 142.157.75.105:8123
# Game ID: 198
# Board class: pentago_swap.PentagoBoard
# Timeout: 2000
# First Move Timeout: 30000
# Date: Fri Apr 05 20:43:28 EDT 2019
# Player 1: Player-0, 'RandomPlayer', running on 142.157.75.105
# Player 2: Player-1, '260745604', running on 142.157.75.105
START Player-0 RandomPlayer
START Player-1 260745604
5 2 TR BR 0
1 1 BL TR 1
0 3 TL TR 0
1 1 BL BR 1
4 1 BL BR 0
1 0 BR BL 1
2 3 TL BL 0
4 2 TL BL 1
5 3 BL BR 0
1 3 TR BR 1
2 1 TL TR 0
5 5 BL BR 1
0 0 BL BR 0
5 4 BL BR 1
4 4 TR BR 0
5 3 TR BR 1
1 2 TL BR 0
5 5 BL BR 1
4 5 TR BR 0
5 1 BL BR 1
3 5 TL TR 0
5 3 TR BL 1
4 3 TR BR 0
GAMEOVER WINNER 1
# Game ended: Fri Apr 05 20:43:37 EDT 2019
