# Server version 0.08 running on 142.157.75.105:54321
# Game ID: 357
# Board class: pentago_swap.PentagoBoard
# Timeout: 2000
# First Move Timeout: 30000
# Date: Wed Apr 10 19:09:39 EDT 2019
# Player 1: Player-0, 'Human', running on 142.157.75.105
# Player 2: Player-1, '260745604', running on 142.157.75.105
START Player-0 Human
START Player-1 260745604
1 4 TR BR 0
1 1 TL TR 1
1 1 TL BR 0
4 1 TL BR 1
1 2 TL TR 0
1 3 BL TR 1
4 3 BR BL 0
4 2 TR BL 1
0 4 TR BL 0
0 0 TL TR 1
5 1 BL TL 0
3 4 BL TL 1
GAMEOVER USER CANCEL UNDECIDED
# Game ended: Wed Apr 10 19:10:10 EDT 2019
