# Server version 0.08 running on 142.157.75.105:54321
# Game ID: 323
# Board class: pentago_swap.PentagoBoard
# Timeout: 2000
# First Move Timeout: 30000
# Date: Tue Apr 09 22:07:09 EDT 2019
# Player 1: Player-0, '260764013', running on 142.157.40.156
# Player 2: Player-1, '260745604', running on 142.157.75.105
START Player-0 260764013
START Player-1 260745604
1 0 TR BL 0
1 1 BL TR 1
1 3 BL BR 0
4 1 BR BL 1
4 0 BL TR 0
0 1 TL BL 1
4 3 TR BL 0
2 4 BL TR 1
2 0 BR TL 0
0 1 TL BL 1
GAMEOVER WINNER 1
# Game ended: Tue Apr 09 22:07:14 EDT 2019
