# Server version 0.08 running on 142.157.75.105:54321
# Game ID: 254
# Board class: pentago_swap.PentagoBoard
# Timeout: 2000
# First Move Timeout: 30000
# Date: Sat Apr 06 14:21:55 EDT 2019
# Player 1: Player-0, '260745604', running on 142.157.75.105
# Player 2: Player-1, 'Human', running on 142.157.75.105
START Player-0 260745604
START Player-1 Human
1 1 TL TR 0
1 1 TL BR 1
1 1 BR TL 0
4 1 BL BR 1
1 3 TR BR 0
4 2 BR BL 1
4 2 TL TR 0
4 3 BR BL 1
0 0 TL TR 0
1 3 BR BL 1
0 0 TL TR 0
1 2 BL BR 1
0 1 TL BL 0
1 3 TR BR 1
GAMEOVER WINNER 1
# Game ended: Sat Apr 06 14:23:21 EDT 2019
