# Server version 0.08 running on 142.157.75.105:54321
# Game ID: 304
# Board class: pentago_swap.PentagoBoard
# Timeout: 2000
# First Move Timeout: 30000
# Date: Tue Apr 09 20:56:45 EDT 2019
# Player 1: Player-0, 'Human', running on 142.157.75.105
# Player 2: Player-1, '260745604', running on 142.157.75.105
START Player-0 Human
START Player-1 260745604
1 1 TL TR 0
1 1 TL TR 1
4 4 BR BL 0
4 4 TL BL 1
4 2 BL BR 0
4 3 BL BR 1
1 2 TL TR 0
1 3 BL TR 1
3 1 BL BR 0
0 0 TL TR 1
2 1 TL TR 0
0 1 TL TR 1
2 2 TL BR 0
0 0 TL TR 1
2 4 TL BL 0
0 0 TL TR 1
3 4 BR BL 0
GAMEOVER WINNER 0
# Game ended: Tue Apr 09 20:58:02 EDT 2019
