# Server version 0.08 running on 142.157.75.105:54321
# Game ID: 381
# Board class: pentago_swap.PentagoBoard
# Timeout: 2000
# First Move Timeout: 30000
# Date: Wed Apr 10 20:01:01 EDT 2019
# Player 1: Player-0, '260698807', running on 142.157.152.160
# Player 2: Player-1, '260745604', running on 142.157.75.105
START Player-0 260698807
START Player-1 260745604
1 1 TL TR 0
1 1 BL TL 1
1 1 TL TR 0
4 4 BR TL 1
2 0 TL TR 0
1 3 TL BL 1
1 2 TL BL 0
1 5 BL BR 1
5 1 BL BR 0
0 1 BL BR 1
2 4 BL BR 0
5 3 BR BL 1
1 2 BL BR 0
1 0 TR BR 1
5 2 TR BR 0
5 1 TR TL 1
3 5 TL TR 0
0 2 BR TL 1
3 3 TL BR 0
4 5 BL TL 1
0 4 TL BL 0
3 4 TL TR 1
3 1 TL TR 0
3 3 BL TR 1
4 3 TR BL 0
2 2 TL TR 1
5 0 TL TR 0
2 5 BR TR 1
2 5 TR BR 0
3 2 BL BR 1
0 3 BL BR 0
2 0 TL TR 1
0 2 TL TR 0
3 0 TR TL 1
2 4 TL TR 0
4 0 TL TR 1
GAMEOVER DRAW
# Game ended: Wed Apr 10 20:01:09 EDT 2019
