# Server version 0.08 running on 142.157.75.105:54321
# Game ID: 330
# Board class: pentago_swap.PentagoBoard
# Timeout: 2000
# First Move Timeout: 30000
# Date: Tue Apr 09 23:09:07 EDT 2019
# Player 1: Player-0, '260745604', running on 142.157.75.105
# Player 2: Player-1, '260706265', running on 142.157.51.189
START Player-0 260745604
START Player-1 260706265
1 1 BL TR 0
1 4 BR BL 1
4 1 TL BL 0
4 4 BR TL 1
4 0 TR TL 0
4 3 TL BL 1
1 2 TR BL 0
4 5 TL BR 1
3 0 TR BL 0
0 1 TR TL 1
3 2 TR BR 0
1 0 BL BR 1
5 0 BL BR 0
0 1 TR BR 1
3 5 TR BR 0
2 5 TL TR 1
3 1 TR BL 0
2 5 TR BR 1
GAMEOVER WINNER 1
# Game ended: Tue Apr 09 23:09:11 EDT 2019
