# Server version 0.08 running on 142.157.75.105:8123
# Game ID: 177
# Board class: pentago_swap.PentagoBoard
# Timeout: 2000
# First Move Timeout: 30000
# Date: Fri Apr 05 20:01:58 EDT 2019
# Player 1: Player-0, '260745604', running on 142.157.75.105
# Player 2: Player-1, 'RandomPlayer', running on 142.157.75.105
START Player-0 260745604
START Player-1 RandomPlayer
1 1 BR TR 0
0 1 TR BR 1
4 1 TL BR 0
3 0 TL TR 1
4 0 TL BR 0
1 5 BL BR 1
4 5 BL TL 0
3 0 TL BL 1
1 2 TR BL 0
5 4 BL BR 1
5 5 BL BR 0
3 0 TL TR 1
5 5 TL TR 0
1 0 BL BR 1
5 4 BL BR 0
4 1 TR BR 1
GAMEOVER WINNER 0
# Game ended: Fri Apr 05 20:02:01 EDT 2019
