# Server version 0.08 running on 142.157.75.105:54321
# Game ID: 347
# Board class: pentago_swap.PentagoBoard
# Timeout: 2000
# First Move Timeout: 30000
# Date: Wed Apr 10 18:15:05 EDT 2019
# Player 1: Player-0, '260745604', running on 142.157.75.105
# Player 2: Player-1, 'Human', running on 142.157.75.105
START Player-0 260745604
START Player-1 Human
1 1 BR TL 0
1 4 TR TL 1
4 1 BL BR 0
1 4 TR BR 1
1 3 BL BR 0
1 5 TR BR 1
1 3 BL TL 0
1 5 TR TL 1
0 0 TL BL 0
5 0 BL TL 1
3 3 TL TR 0
5 3 BR BL 1
0 4 TL TR 0
2 2 TL BR 1
5 2 TL BL 0
GAMEOVER WINNER 0
# Game ended: Wed Apr 10 18:15:57 EDT 2019
