# Server version 0.08 running on 142.157.75.105:54321
# Game ID: 297
# Board class: pentago_swap.PentagoBoard
# Timeout: 2000
# First Move Timeout: 30000
# Date: Tue Apr 09 20:15:19 EDT 2019
# Player 1: Player-0, 'RandomPlayer', running on 127.0.0.1
# Player 2: Player-1, '260745604', running on 127.0.0.1
START Player-0 RandomPlayer
START Player-1 260745604
5 2 TR BR 0
1 1 BL TL 1
0 3 TL TR 0
1 1 TL BL 1
4 0 BL BR 0
5 3 TR BR 1
2 2 TL BL 0
0 4 TL TR 1
5 1 BL BR 0
5 3 BL BR 1
2 1 TL TR 0
0 5 TR BL 1
GAMEOVER WINNER 1
# Game ended: Tue Apr 09 20:15:19 EDT 2019
