# Server version 0.08 running on 142.157.75.105:8123
# Game ID: 202
# Board class: pentago_swap.PentagoBoard
# Timeout: 2000
# First Move Timeout: 30000
# Date: Fri Apr 05 20:58:06 EDT 2019
# Player 1: Player-0, 'RandomPlayer', running on 142.157.75.105
# Player 2: Player-1, '260745604', running on 142.157.75.105
START Player-0 RandomPlayer
START Player-1 260745604
5 2 TR BR 0
1 1 TR TL 1
0 3 TL TR 0
4 1 BR TL 1
3 4 BL BR 0
3 2 TR BR 1
1 5 TL BL 0
0 5 BL TL 1
5 3 BL BR 0
2 3 BL BR 1
GAMEOVER WINNER 1
# Game ended: Fri Apr 05 20:58:06 EDT 2019
