# Server version 0.08 running on 142.157.75.105:54321
# Game ID: 387
# Board class: pentago_swap.PentagoBoard
# Timeout: 2000
# First Move Timeout: 30000
# Date: Wed Apr 10 20:31:33 EDT 2019
# Player 1: Player-0, '260745604', running on 142.157.75.105
# Player 2: Player-1, '260332257', running on 142.157.142.79
START Player-0 260745604
START Player-1 260332257
1 1 BR BL 0
4 1 TL BL 1
1 4 TR BR 0
1 4 TL BL 1
1 0 BL BR 0
2 5 TL BL 1
0 3 BR BL 0
3 0 TL BL 1
2 2 BL TR 0
5 1 BL BR 1
0 1 BL TR 0
5 3 BL BR 1
2 4 BL BR 0
5 2 BL BR 1
5 4 TL TR 0
2 2 TR BR 1
2 0 TL BR 0
0 5 TL TR 1
2 0 BL TR 0
3 2 BL BR 1
1 2 BL TR 0
0 0 BL BR 1
0 1 BR TL 0
GAMEOVER WINNER 0
# Game ended: Wed Apr 10 20:31:46 EDT 2019
