# Server version 0.08 running on 142.157.75.105:8123
# Game ID: 164
# Board class: pentago_swap.PentagoBoard
# Timeout: 2000
# First Move Timeout: 30000
# Date: Fri Apr 05 19:09:35 EDT 2019
# Player 1: Player-0, '260745604', running on 142.157.75.105
# Player 2: Player-1, 'RandomPlayer', running on 142.157.75.105
START Player-0 260745604
START Player-1 RandomPlayer
1 1 TR BR 0
0 1 TR BR 1
4 1 TL BR 0
3 0 TL TR 1
4 0 TR BR 0
1 5 BL BR 1
4 5 TL BR 0
4 0 TL BL 1
GAMEOVER TIMEOUT WINNER 1
# Game ended: Fri Apr 05 19:10:06 EDT 2019
