# Server version 0.08 running on 142.157.75.105:8123
# Game ID: 195
# Board class: pentago_swap.PentagoBoard
# Timeout: 2000
# First Move Timeout: 30000
# Date: Fri Apr 05 20:36:00 EDT 2019
# Player 1: Player-0, '260745604', running on 142.157.75.105
# Player 2: Player-1, 'RandomPlayer', running on 142.157.75.105
START Player-0 260745604
START Player-1 RandomPlayer
1 1 TL BR 0
0 1 TR BR 1
1 1 BL TL 0
3 2 TL TR 1
3 0 BR TL 0
1 3 BL BR 1
4 0 BL TL 0
3 2 TL BL 1
5 5 BL BR 0
5 4 BL BR 1
5 4 BL BR 0
2 4 TL TR 1
5 5 BL BR 0
0 4 BL BR 1
5 3 TR BL 0
5 0 TR BR 1
5 3 TR BR 0
1 3 TL BR 1
5 5 TL BR 0
4 0 TR BR 1
5 2 TR BR 0
3 0 TL TR 1
5 1 TL TR 0
3 3 TR BR 1
GAMEOVER WINNER 0
# Game ended: Fri Apr 05 20:36:10 EDT 2019
