# Server version 0.08 running on 142.157.75.105:8123
# Game ID: 68
# Board class: pentago_swap.PentagoBoard
# Timeout: 2000
# First Move Timeout: 30000
# Date: Wed Apr 03 10:12:07 EDT 2019
# Player 1: Player-0, 'Human', running on 142.157.75.105
# Player 2: Player-1, '260745604', running on 142.157.75.105
START Player-0 Human
START Player-1 260745604
1 1 TL TR 0
1 1 TR TL 1
4 1 BL BR 0
4 1 BL TL 1
4 3 TL TR 0
2 3 TR BR 1
4 2 BL BR 0
0 5 TL TR 1
1 2 TL BL 0
0 4 BL BR 1
GAMEOVER WINNER 0
# Game ended: Wed Apr 03 10:12:22 EDT 2019
