# Server version 0.08 running on 142.157.75.105:54321
# Game ID: 314
# Board class: pentago_swap.PentagoBoard
# Timeout: 2000
# First Move Timeout: 30000
# Date: Tue Apr 09 21:52:24 EDT 2019
# Player 1: Player-0, '260745604', running on 142.157.75.105
# Player 2: Player-1, 'Human', running on 142.157.75.105
START Player-0 260745604
START Player-1 Human
1 1 TL TR 0
1 1 TL BL 1
1 1 BR TR 0
1 4 TR TL 1
1 3 TR BR 0
4 5 BR BL 1
1 3 BL TR 0
4 2 BL BR 1
5 3 BL BR 0
3 2 BL BR 1
3 3 TR BL 0
5 0 BL TL 1
0 3 BL BR 0
0 0 TL BR 1
GAMEOVER TIMEOUT WINNER 1
# Game ended: Tue Apr 09 21:53:06 EDT 2019
