# Server version 0.08 running on 142.157.75.105:54321
# Game ID: 342
# Board class: pentago_swap.PentagoBoard
# Timeout: 2000
# First Move Timeout: 30000
# Date: Wed Apr 10 18:05:20 EDT 2019
# Player 1: Player-0, '260745604', running on 142.157.75.105
# Player 2: Player-1, 'Human', running on 142.157.75.105
START Player-0 260745604
START Player-1 Human
1 1 BL TR 0
4 4 BR TR 1
4 1 BL TR 0
4 4 BR BL 1
1 0 BL TR 0
1 2 TL BR 1
4 0 BL TR 0
1 5 TR BL 1
3 0 TL TR 0
5 2 BL BR 1
5 3 TL TR 0
5 0 TL TR 1
3 0 TL BR 0
GAMEOVER WINNER 0
# Game ended: Wed Apr 10 18:05:49 EDT 2019
