# Server version 0.08 running on 142.157.75.105:54321
# Game ID: 312
# Board class: pentago_swap.PentagoBoard
# Timeout: 2000
# First Move Timeout: 30000
# Date: Tue Apr 09 21:44:23 EDT 2019
# Player 1: Player-0, 'Human', running on 142.157.75.105
# Player 2: Player-1, '260745604', running on 142.157.75.105
START Player-0 Human
START Player-1 260745604
1 1 TL TR 0
1 1 BR TR 1
3 3 BR BL 0
5 2 TR BR 1
1 4 TR TL 0
1 3 TL BR 1
1 5 TR TL 0
0 1 BR TR 1
2 1 TL TR 0
0 3 BL BR 1
4 2 TL TR 0
2 0 BL BR 1
1 3 TR TL 0
0 5 BL BR 1
1 2 TL TR 0
3 0 BL BR 1
4 4 BR BL 0
3 1 TR BL 1
GAMEOVER WINNER 1
# Game ended: Tue Apr 09 21:46:25 EDT 2019
