# Server version 0.08 running on 142.157.75.105:54321
# Game ID: 340
# Board class: pentago_swap.PentagoBoard
# Timeout: 2000
# First Move Timeout: 30000
# Date: Wed Apr 10 18:03:51 EDT 2019
# Player 1: Player-0, '260745604', running on 142.157.75.105
# Player 2: Player-1, 'Human', running on 142.157.75.105
START Player-0 260745604
START Player-1 Human
1 1 BR TR 0
1 4 TR BR 1
4 1 BL TR 0
4 1 BL BR 1
1 0 BL TR 0
1 2 TL BR 1
4 0 BR BL 0
4 5 BR BL 1
3 0 TL TR 0
5 0 BL TR 1
3 3 TL BL 0
5 3 BR BL 1
0 4 TL TR 0
2 1 TL TR 1
0 5 TL BL 0
0 1 TL BL 1
0 1 TL TR 0
0 3 TR BR 1
2 2 BL BR 0
GAMEOVER WINNER 0
# Game ended: Wed Apr 10 18:04:21 EDT 2019
