# Server version 0.08 running on 142.157.75.165:8123
# Game ID: 37
# Board class: pentago_swap.PentagoBoard
# Timeout: 2000
# First Move Timeout: 30000
# Date: Tue Mar 26 20:25:01 EDT 2019
# Player 1: Player-0, '260745604', running on 142.157.75.165
# Player 2: Player-1, 'RandomPlayer', running on 142.157.75.165
START Player-0 260745604
START Player-1 RandomPlayer
1 1 TL TR 0
0 1 TR BR 1
1 1 TR BL 0
3 2 TL TR 1
1 3 TR BR 0
1 3 BL BR 1
2 5 TL TR 0
3 3 TL BL 1
0 2 BL BR 0
5 3 BL BR 1
3 0 TL BL 0
3 4 TL TR 1
3 0 BL BR 0
0 5 BL BR 1
2 2 TL TR 0
5 3 TR BR 1
4 3 BL BR 0
GAMEOVER WINNER 0
# Game ended: Tue Mar 26 20:25:01 EDT 2019
