# Server version 0.08 running on 142.157.75.105:54321
# Game ID: 343
# Board class: pentago_swap.PentagoBoard
# Timeout: 2000
# First Move Timeout: 30000
# Date: Wed Apr 10 18:05:56 EDT 2019
# Player 1: Player-0, '260745604', running on 142.157.75.105
# Player 2: Player-1, 'Human', running on 142.157.75.105
START Player-0 260745604
START Player-1 Human
1 1 BL TR 0
1 4 TR BR 1
4 1 TR BR 0
4 4 BR TL 1
4 0 TR TL 0
4 2 BL TR 1
0 4 TR TL 0
2 1 TL TR 1
0 3 TL TR 0
2 2 TL TR 1
0 5 TL TR 0
2 0 TL BL 1
0 1 TR BR 0
0 0 TL TR 1
0 1 BL TR 0
0 2 TL BR 1
3 2 TL BL 0
GAMEOVER WINNER 0
# Game ended: Wed Apr 10 18:07:00 EDT 2019
