# Server version 0.08 running on 142.157.75.165:8123
# Game ID: 39
# Board class: pentago_swap.PentagoBoard
# Timeout: 2000
# First Move Timeout: 30000
# Date: Wed Mar 27 10:17:45 EDT 2019
# Player 1: Player-0, 'Human', running on 142.157.75.165
# Player 2: Player-1, 'Human', running on 142.157.75.165
START Player-0 Human
START Player-1 Human
2 2 BR BL 0
1 4 BR TR 1
4 1 BR BL 0
1 4 TL TR 1
2 1 TR TL 0
4 2 BR BL 1
2 3 BR BL 0
4 0 TR TL 1
1 0 TL BR 0
4 5 BR BL 1
GAMEOVER WINNER 1
# Game ended: Wed Mar 27 10:20:06 EDT 2019
