# Server version 0.08 running on 142.157.75.105:54321
# Game ID: 253
# Board class: pentago_swap.PentagoBoard
# Timeout: 2000
# First Move Timeout: 30000
# Date: Sat Apr 06 14:19:45 EDT 2019
# Player 1: Player-0, 'Human', running on 142.157.75.105
# Player 2: Player-1, '260745604', running on 142.157.75.105
START Player-0 Human
START Player-1 260745604
1 4 TR BR 0
1 1 BR TL 1
1 2 TL TR 0
1 3 TR TL 1
1 4 TR BR 0
1 3 BL TL 1
1 5 TR TL 0
0 1 BL TL 1
5 1 BL BR 0
0 0 TL TR 1
2 4 TR TL 0
0 1 TL BL 1
3 2 BL TR 0
2 2 BL BR 1
GAMEOVER WINNER 1
# Game ended: Sat Apr 06 14:21:22 EDT 2019
