# Server version 0.08 running on 142.157.75.105:54321
# Game ID: 303
# Board class: pentago_swap.PentagoBoard
# Timeout: 2000
# First Move Timeout: 30000
# Date: Tue Apr 09 20:49:31 EDT 2019
# Player 1: Player-0, 'Human', running on 142.157.75.105
# Player 2: Player-1, '260745604', running on 142.157.75.105
START Player-0 Human
START Player-1 260745604
1 1 TL TR 0
1 1 TR BL 1
4 4 BR TL 0
1 4 BR TL 1
4 2 BL BR 0
4 3 TR TL 1
3 1 BL BR 0
5 4 BL TR 1
4 3 BR BL 0
GAMEOVER TIMEOUT WINNER 0
# Game ended: Tue Apr 09 20:50:03 EDT 2019
