# Server version 0.08 running on 142.157.75.105:54321
# Game ID: 315
# Board class: pentago_swap.PentagoBoard
# Timeout: 2000
# First Move Timeout: 30000
# Date: Tue Apr 09 21:53:42 EDT 2019
# Player 1: Player-0, '260745604', running on 142.157.75.105
# Player 2: Player-1, 'Human', running on 142.157.75.105
START Player-0 260745604
START Player-1 Human
1 1 TR BR 0
1 4 TR BR 1
4 1 TR BL 0
4 1 BL TL 1
1 3 BR TL 0
1 5 TR TL 1
0 1 TR BR 0
2 1 TL TR 1
0 3 BL BR 0
2 5 TR TL 1
2 0 BL BR 0
4 0 BL BR 1
0 2 BL BR 0
3 2 BL BR 1
5 0 BL BR 0
4 2 BL BR 1
GAMEOVER TIMEOUT WINNER 1
# Game ended: Tue Apr 09 21:54:25 EDT 2019
