# Server version 0.08 running on 142.157.75.105:54321
# Game ID: 336
# Board class: pentago_swap.PentagoBoard
# Timeout: 2000
# First Move Timeout: 30000
# Date: Wed Apr 10 13:05:42 EDT 2019
# Player 1: Player-0, '260745604', running on 142.157.75.105
# Player 2: Player-1, '260332257', running on 142.157.142.79
START Player-0 260745604
START Player-1 260332257
1 1 BL TL 0
1 1 TL BL 1
1 4 TL BR 0
1 1 TL BL 1
1 3 TR BR 0
2 2 TL BL 1
3 0 BR TR 0
2 2 TL BL 1
3 0 TL TR 0
5 1 BL BR 1
1 2 TL BL 0
3 0 BL BR 1
1 2 TL BL 0
GAMEOVER WINNER 0
# Game ended: Wed Apr 10 13:05:48 EDT 2019
