# Server version 0.08 running on 142.157.75.105:54321
# Game ID: 361
# Board class: pentago_swap.PentagoBoard
# Timeout: 2000
# First Move Timeout: 30000
# Date: Wed Apr 10 19:16:01 EDT 2019
# Player 1: Player-0, '260673394', running on vpn67051.vpn.mcgill.ca
# Player 2: Player-1, '260745604', running on 142.157.75.105
START Player-0 260673394
START Player-1 260745604
1 1 TL TR 0
1 1 BL BR 1
0 4 TL BR 0
2 4 BL BR 1
0 0 TL BL 0
1 0 BL TL 1
5 0 TL TR 0
4 2 BL TR 1
3 5 TL BR 0
1 1 TL TR 1
1 3 TL BL 0
1 1 TL TR 1
1 5 TL TR 0
1 0 TL BR 1
GAMEOVER WINNER 1
# Game ended: Wed Apr 10 19:16:10 EDT 2019
