# Server version 0.08 running on 142.157.75.105:54321
# Game ID: 331
# Board class: pentago_swap.PentagoBoard
# Timeout: 2000
# First Move Timeout: 30000
# Date: Tue Apr 09 23:16:59 EDT 2019
# Player 1: Player-0, '260745604', running on 142.157.75.105
# Player 2: Player-1, 'Human', running on 142.157.75.105
START Player-0 260745604
START Player-1 Human
1 1 TR BL 0
1 4 TR BR 1
4 1 TL BR 0
1 4 TR BL 1
1 3 BL TR 0
4 2 BL TR 1
0 4 TL BL 0
2 4 TR BL 1
3 0 TL TR 0
1 2 TL BR 1
3 2 TL BL 0
2 0 TL BL 1
3 5 TL BR 0
5 2 BL TR 1
0 1 BL BR 0
GAMEOVER WINNER 0
# Game ended: Tue Apr 09 23:18:08 EDT 2019
