# Server version 0.08 running on 142.157.75.105:54321
# Game ID: 321
# Board class: pentago_swap.PentagoBoard
# Timeout: 2000
# First Move Timeout: 30000
# Date: Tue Apr 09 22:04:07 EDT 2019
# Player 1: Player-0, '260745604', running on 142.157.75.105
# Player 2: Player-1, '260764013', running on 142.157.40.156
START Player-0 260745604
START Player-1 260764013
1 1 BL BR 0
1 0 TR BL 1
4 1 TR BR 0
1 3 BL TL 1
1 0 BL BR 0
4 0 BR TL 1
4 5 TL BL 0
2 0 BL BR 1
4 5 BL BR 0
GAMEOVER WINNER 0
# Game ended: Tue Apr 09 22:04:13 EDT 2019
