# Server version 0.08 running on 142.157.75.105:54321
# Game ID: 213
# Board class: pentago_swap.PentagoBoard
# Timeout: 2000
# First Move Timeout: 30000
# Date: Sat Apr 06 09:47:22 EDT 2019
# Player 1: Player-0, '260745604', running on 142.157.75.105
# Player 2: Player-1, 'RandomPlayer', running on 142.157.75.105
START Player-0 260745604
START Player-1 RandomPlayer
1 1 TR BL 0
0 1 TR BR 1
4 1 TL BL 0
3 2 TL TR 1
3 0 TL TR 0
1 4 BL BR 1
1 0 BL BR 0
3 5 TL BL 1
2 1 TR BR 0
5 4 BL BR 1
5 5 BL BR 0
3 2 TL TR 1
5 5 BL BR 0
1 2 BL BR 1
3 0 TR BR 0
5 1 TR BR 1
5 3 TR BR 0
1 0 TL BR 1
2 2 BL BR 0
GAMEOVER WINNER 0
# Game ended: Sat Apr 06 09:47:31 EDT 2019
