# Server version 0.08 running on 142.157.75.105:54321
# Game ID: 285
# Board class: pentago_swap.PentagoBoard
# Timeout: 2000
# First Move Timeout: 30000
# Date: Tue Apr 09 20:09:35 EDT 2019
# Player 1: Player-0, '260745604', running on 142.157.75.105
# Player 2: Player-1, 'RandomPlayer', running on 142.157.75.105
START Player-0 260745604
START Player-1 RandomPlayer
1 1 TR BL 0
0 1 TR BR 1
4 1 BL BR 0
3 2 TL TR 1
1 3 BR TL 0
2 1 BL BR 1
1 5 BL TL 0
3 3 TL BL 1
2 2 TR BR 0
5 4 BL BR 1
5 3 TL TR 0
3 2 TL TR 1
3 0 BL BR 0
1 0 BL BR 1
2 4 TL BL 0
5 0 TR BR 1
0 4 BL BR 0
2 0 TL BR 1
0 5 TL TR 0
4 0 TR BR 1
3 3 BL BR 0
3 1 TL TR 1
2 2 TR BR 0
4 2 TR BR 1
1 3 TL BR 0
2 4 BL BR 1
2 2 TR BR 0
1 1 TR BR 1
2 0 TL TR 0
1 2 TL BL 1
GAMEOVER WINNER 0
# Game ended: Tue Apr 09 20:09:35 EDT 2019
