# Server version 0.08 running on 142.157.75.105:54321
# Game ID: 374
# Board class: pentago_swap.PentagoBoard
# Timeout: 2000
# First Move Timeout: 30000
# Date: Wed Apr 10 19:44:05 EDT 2019
# Player 1: Player-0, '260745604', running on 142.157.75.105
# Player 2: Player-1, 'RandomPlayer', running on 142.157.152.160
START Player-0 260745604
START Player-1 RandomPlayer
1 1 TL TR 0
4 1 TR BR 1
1 1 BR TL 0
2 5 TR BR 1
1 0 BL BR 0
2 0 TL TR 1
1 5 TR BR 0
3 2 TR BR 1
1 0 TL TR 0
GAMEOVER WINNER 0
# Game ended: Wed Apr 10 19:44:10 EDT 2019
