# Server version 0.08 running on 142.157.75.105:8123
# Game ID: 130
# Board class: pentago_swap.PentagoBoard
# Timeout: 2000
# First Move Timeout: 30000
# Date: Thu Apr 04 20:02:45 EDT 2019
# Player 1: Player-0, '260745604', running on 142.157.75.105
# Player 2: Player-1, 'RandomPlayer', running on 142.157.75.105
START Player-0 260745604
START Player-1 RandomPlayer
1 1 TR BL 0
0 1 TR BR 1
4 1 TL BR 0
3 0 TL TR 1
1 2 TR BR 0
2 0 BL BR 1
3 1 TL TR 0
3 5 TL BL 1
GAMEOVER TIMEOUT WINNER 1
# Game ended: Thu Apr 04 20:04:40 EDT 2019
