# Server version 0.08 running on 142.157.75.105:54321
# Game ID: 360
# Board class: pentago_swap.PentagoBoard
# Timeout: 2000
# First Move Timeout: 30000
# Date: Wed Apr 10 19:14:56 EDT 2019
# Player 1: Player-0, '260745604', running on 142.157.75.105
# Player 2: Player-1, '260673394', running on vpn67051.vpn.mcgill.ca
START Player-0 260745604
START Player-1 260673394
1 1 TR BL 0
1 4 TL TR 1
4 1 BR TL 0
5 1 BL BR 1
1 3 BR TL 0
1 5 TL BL 1
0 4 TR BL 0
4 3 TL TR 1
5 1 TL TR 0
3 4 TL BR 1
1 1 TL TR 0
2 4 TL TR 1
0 3 TL TR 0
1 0 BL BR 1
2 2 TL TR 0
3 2 TR BR 1
GAMEOVER WINNER 1
# Game ended: Wed Apr 10 19:15:07 EDT 2019
