# Server version 0.08 running on 142.157.75.105:54321
# Game ID: 270
# Board class: pentago_swap.PentagoBoard
# Timeout: 2000
# First Move Timeout: 30000
# Date: Sat Apr 06 15:56:33 EDT 2019
# Player 1: Player-0, 'Human', running on 142.157.75.105
# Player 2: Player-1, '260745604', running on 142.157.75.105
START Player-0 Human
START Player-1 260745604
1 1 TL TR 0
1 1 BL BR 1
4 4 BR BL 0
4 4 TR TL 1
1 2 TL TR 0
1 3 BR TL 1
3 1 BL TR 0
2 4 BL BR 1
3 5 BR BL 0
GAMEOVER TIMEOUT WINNER 0
# Game ended: Sat Apr 06 15:56:57 EDT 2019
