# Server version 0.08 running on 142.157.75.105:54321
# Game ID: 313
# Board class: pentago_swap.PentagoBoard
# Timeout: 2000
# First Move Timeout: 30000
# Date: Tue Apr 09 21:51:38 EDT 2019
# Player 1: Player-0, '260745604', running on 142.157.75.105
# Player 2: Player-1, 'Human', running on 142.157.75.105
START Player-0 260745604
START Player-1 Human
1 1 BL TL 0
4 4 BR TR 1
1 1 TR TL 0
1 2 TL BR 1
4 3 TL BR 0
4 4 BR TR 1
4 0 TR TL 0
4 2 BL BR 1
5 3 BL BR 0
3 0 BL BR 1
0 3 TR BL 0
3 5 BR BL 1
5 3 TR BL 0
GAMEOVER WINNER 0
# Game ended: Tue Apr 09 21:52:07 EDT 2019
