# Server version 0.08 running on 142.157.75.105:54321
# Game ID: 379
# Board class: pentago_swap.PentagoBoard
# Timeout: 2000
# First Move Timeout: 30000
# Date: Wed Apr 10 19:56:44 EDT 2019
# Player 1: Player-0, '260745604', running on 142.157.75.105
# Player 2: Player-1, '26074280', running on 142.157.62.33
START Player-0 260745604
START Player-1 26074280
1 1 TL TR 0
1 1 TL TR 1
4 1 TL TR 0
4 4 TL TR 1
1 0 TL BR 0
4 5 TL TR 1
4 0 BL BR 0
4 5 TL TR 1
3 0 TL TR 0
5 0 TL TR 1
3 3 TL TR 0
5 3 TR BR 1
0 2 TL TR 0
2 2 TL TR 1
2 4 BL TL 0
0 4 TL BL 1
0 5 BL BR 0
3 4 BL BR 1
5 2 TL TR 0
2 3 BL BR 1
GAMEOVER WINNER 1
# Game ended: Wed Apr 10 19:56:53 EDT 2019
