# Server version 0.08 running on 142.157.75.105:54321
# Game ID: 393
# Board class: pentago_swap.PentagoBoard
# Timeout: 2000
# First Move Timeout: 30000
# Date: Wed Apr 10 20:44:33 EDT 2019
# Player 1: Player-0, '260332257', running on 142.157.142.79
# Player 2: Player-1, '260745604', running on 142.157.75.105
START Player-0 260332257
START Player-1 260745604
1 1 TL BL 0
1 1 BR BL 1
4 1 TL BL 0
1 4 TR BL 1
2 2 TL BL 0
3 0 TR TL 1
3 3 TL BL 0
5 5 TL BR 1
5 4 BL BR 0
0 1 BL BR 1
5 3 BL BR 0
2 4 TR TL 1
5 5 BL BR 0
5 1 BL BR 1
5 3 BL BR 0
0 1 TL BL 1
GAMEOVER WINNER 1
# Game ended: Wed Apr 10 20:44:37 EDT 2019
