# Server version 0.08 running on 142.157.75.105:54321
# Game ID: 265
# Board class: pentago_swap.PentagoBoard
# Timeout: 2000
# First Move Timeout: 30000
# Date: Sat Apr 06 15:40:07 EDT 2019
# Player 1: Player-0, 'Human', running on 142.157.75.105
# Player 2: Player-1, '260745604', running on 142.157.75.105
START Player-0 Human
START Player-1 260745604
1 1 TL TR 0
1 1 BR TL 1
1 1 TL TR 0
4 1 TL TR 1
1 2 TL TR 0
1 3 BL BR 1
2 1 TL TR 0
0 4 TR BL 1
5 2 BL BR 0
GAMEOVER TIMEOUT WINNER 0
# Game ended: Sat Apr 06 15:40:26 EDT 2019
