# Server version 0.08 running on 142.157.75.165:8123
# Game ID: 35
# Board class: pentago_swap.PentagoBoard
# Timeout: 2000
# First Move Timeout: 30000
# Date: Tue Mar 26 20:22:43 EDT 2019
# Player 1: Player-0, 'RandomPlayer', running on 142.157.75.165
# Player 2: Player-1, '260745604', running on 142.157.75.165
START Player-0 RandomPlayer
START Player-1 260745604
5 2 TR BR 0
1 1 TL TR 1
0 3 TL TR 0
4 1 BL TL 1
4 0 BL BR 0
2 3 TR BR 1
2 3 TL BL 0
1 0 TL TR 1
5 1 BL BR 0
0 5 BL BR 1
2 2 TL TR 0
4 4 TL BL 1
0 0 BL BR 0
3 1 BL BR 1
5 1 TR BR 0
2 5 TL TR 1
1 2 TL BR 0
4 2 BL BR 1
5 1 TR BR 0
3 2 TR BR 1
4 4 TL TR 0
3 3 TL BR 1
4 3 TR BR 0
3 0 TR BR 1
GAMEOVER WINNER 0
# Game ended: Tue Mar 26 20:22:43 EDT 2019
