# Server version 0.08 running on 142.157.75.105:8123
# Game ID: 178
# Board class: pentago_swap.PentagoBoard
# Timeout: 2000
# First Move Timeout: 30000
# Date: Fri Apr 05 20:02:27 EDT 2019
# Player 1: Player-0, '260745604', running on 142.157.75.105
# Player 2: Player-1, 'RandomPlayer', running on 142.157.75.105
START Player-0 260745604
START Player-1 RandomPlayer
1 1 TL BR 0
0 1 TR BR 1
1 1 TL TR 0
3 3 TL TR 1
1 0 BR TR 0
2 1 BL BR 1
1 2 BR TL 0
3 0 TL BL 1
5 5 BL BR 0
5 4 BL BR 1
5 3 BL BR 0
2 5 TL TR 1
5 5 TR BR 0
0 5 BL BR 1
4 2 TR BR 0
5 1 TR BR 1
GAMEOVER WINNER 0
# Game ended: Fri Apr 05 20:02:30 EDT 2019
