# Server version 0.08 running on 142.157.75.105:54321
# Game ID: 383
# Board class: pentago_swap.PentagoBoard
# Timeout: 2000
# First Move Timeout: 30000
# Date: Wed Apr 10 20:11:52 EDT 2019
# Player 1: Player-0, '260673394', running on vpn67051.vpn.mcgill.ca
# Player 2: Player-1, '260745604', running on 142.157.75.105
START Player-0 260673394
START Player-1 260745604
1 1 TL TR 0
1 1 TL TR 1
4 1 TL TR 0
4 4 BR TR 1
4 2 TR BR 0
4 0 TL BR 1
1 3 TR BR 0
4 5 BL TR 1
2 4 TL BL 0
0 4 BR BL 1
5 1 BL BR 0
3 4 BL TL 1
3 5 BL BR 0
2 3 BR BL 1
0 5 TR BR 0
2 3 BL TR 1
1 0 BL BR 0
3 0 TL TR 1
2 4 TL TR 0
GAMEOVER WINNER 0
# Game ended: Wed Apr 10 20:12:05 EDT 2019
