# Server version 0.08 running on 142.157.75.105:54321
# Game ID: 230
# Board class: pentago_swap.PentagoBoard
# Timeout: 2000
# First Move Timeout: 30000
# Date: Sat Apr 06 10:48:13 EDT 2019
# Player 1: Player-0, '260745604', running on 142.157.75.105
# Player 2: Player-1, 'Human', running on 142.157.75.105
START Player-0 260745604
START Player-1 Human
1 1 BL BR 0
1 4 TR BR 1
4 1 BR TR 0
4 4 BR BL 1
1 0 BL BR 0
1 2 TL BR 1
4 0 TR TL 0
4 2 BL TL 1
0 0 TL TR 0
2 3 TR TL 1
0 5 TR BR 0
2 2 TL BL 1
0 0 TL TR 0
3 2 BL BR 1
0 2 TL BR 0
5 5 BR BL 1
0 1 TL TR 0
1 0 BL BR 1
0 1 TL TR 0
2 1 TL TR 1
0 2 BL BR 0
GAMEOVER WINNER 0
# Game ended: Sat Apr 06 10:51:42 EDT 2019
