# Server version 0.08 running on 142.157.75.105:54321
# Game ID: 364
# Board class: pentago_swap.PentagoBoard
# Timeout: 2000
# First Move Timeout: 30000
# Date: Wed Apr 10 19:19:41 EDT 2019
# Player 1: Player-0, '260745604', running on 142.157.75.105
# Player 2: Player-1, '260673394', running on vpn67051.vpn.mcgill.ca
START Player-0 260745604
START Player-1 260673394
1 1 BL TR 0
1 4 TL TR 1
4 1 TR BL 0
4 4 TL TR 1
1 0 BL TL 0
1 2 TL TR 1
4 2 TL BL 0
1 3 TL BR 1
0 3 TL TR 0
3 1 TL TR 1
2 5 TL TR 0
2 4 BL BR 1
0 4 TL TR 0
5 4 TL TR 1
GAMEOVER WINNER 1
# Game ended: Wed Apr 10 19:19:50 EDT 2019
