# Server version 0.08 running on 142.157.75.105:54321
# Game ID: 264
# Board class: pentago_swap.PentagoBoard
# Timeout: 2000
# First Move Timeout: 30000
# Date: Sat Apr 06 15:38:41 EDT 2019
# Player 1: Player-0, 'Human', running on 142.157.75.105
# Player 2: Player-1, '260745604', running on 142.157.75.105
START Player-0 Human
START Player-1 260745604
1 1 TL TR 0
1 1 TR TL 1
4 4 BR TR 0
4 1 BR TR 1
1 2 BL TR 0
1 0 TL TR 1
3 4 BR BL 0
5 1 BR TR 1
4 0 TL TR 0
GAMEOVER TIMEOUT WINNER 0
# Game ended: Sat Apr 06 15:39:28 EDT 2019
