# Server version 0.08 running on 142.157.75.165:8123
# Game ID: 58
# Board class: pentago_swap.PentagoBoard
# Timeout: 2000
# First Move Timeout: 30000
# Date: Thu Mar 28 12:52:01 EDT 2019
# Player 1: Player-0, 'Human', running on 142.157.75.165
# Player 2: Player-1, 'Human', running on 142.157.75.165
START Player-0 Human
START Player-1 Human
1 1 TL TR 0
4 4 TL BR 1
4 4 BR TL 0
4 1 TR BL 1
0 2 TL TR 0
5 5 BL TL 1
2 3 TR BL 0
2 1 BL BR 1
2 0 TL TR 0
3 1 TR TL 1
3 3 BL BR 0
2 4 BL TL 1
3 2 TL TR 0
GAMEOVER WINNER 0
# Game ended: Thu Mar 28 12:57:32 EDT 2019
