# Server version 0.08 running on 142.157.75.105:54321
# Game ID: 385
# Board class: pentago_swap.PentagoBoard
# Timeout: 2000
# First Move Timeout: 30000
# Date: Wed Apr 10 20:23:19 EDT 2019
# Player 1: Player-0, '260745604', running on 142.157.75.105
# Player 2: Player-1, '260673394', running on vpn67051.vpn.mcgill.ca
START Player-0 260745604
START Player-1 260673394
1 1 TL BL 0
1 1 TL TR 1
1 1 BR TR 0
1 4 TL TR 1
1 3 BR TR 0
4 5 BL BR 1
3 1 TR BR 0
5 4 TR BL 1
0 1 TL BR 0
0 1 TL BL 1
5 4 TL TR 0
5 2 TR BR 1
0 3 BL TR 0
0 3 TR BR 1
5 2 TL TR 0
0 1 TL BR 1
3 3 TL BL 0
3 5 BL BR 1
3 5 TL TR 0
0 2 TR BR 1
5 1 BR TL 0
5 5 TR BR 1
2 4 TR BR 0
1 5 TL BL 1
GAMEOVER WINNER 1
# Game ended: Wed Apr 10 20:23:35 EDT 2019
