# Server version 0.08 running on 142.157.75.105:54321
# Game ID: 207
# Board class: pentago_swap.PentagoBoard
# Timeout: 2000
# First Move Timeout: 30000
# Date: Fri Apr 05 21:19:27 EDT 2019
# Player 1: Player-0, '260745604', running on 142.157.75.105
# Player 2: Player-1, '260745372', running on 142.157.57.19
START Player-0 260745604
START Player-1 260745372
5 5 BL BR 0
4 4 BR BL 1
5 4 BL BR 0
1 4 TR BR 1
1 2 TR BR 0
1 5 BL BR 1
5 0 TR BR 0
4 2 BL BR 1
5 5 TL TR 0
4 0 BL BR 1
GAMEOVER WINNER 1
# Game ended: Fri Apr 05 21:19:40 EDT 2019
