# Server version 0.08 running on 142.157.75.105:54321
# Game ID: 332
# Board class: pentago_swap.PentagoBoard
# Timeout: 2000
# First Move Timeout: 30000
# Date: Tue Apr 09 23:18:33 EDT 2019
# Player 1: Player-0, '260745604', running on 142.157.75.105
# Player 2: Player-1, 'Human', running on 142.157.75.105
START Player-0 260745604
START Player-1 Human
1 1 BL BR 0
1 4 TR BR 1
4 1 TR BL 0
4 1 BL TR 1
1 0 TR TL 0
1 5 TR BL 1
1 3 TR BR 0
4 5 BR TL 1
0 0 TL TR 0
2 3 TR BL 1
0 3 TL TR 0
2 0 TL TR 1
0 4 TL TR 0
2 1 TL TR 1
0 5 TL BL 0
0 1 TL BL 1
0 1 TL TR 0
0 3 TR BR 1
2 2 BL BR 0
GAMEOVER WINNER 0
# Game ended: Tue Apr 09 23:19:07 EDT 2019
