# Server version 0.08 running on 142.157.75.105:54321
# Game ID: 333
# Board class: pentago_swap.PentagoBoard
# Timeout: 2000
# First Move Timeout: 30000
# Date: Wed Apr 10 13:04:43 EDT 2019
# Player 1: Player-0, '260332257', running on 142.157.142.79
# Player 2: Player-1, '260745604', running on 142.157.75.105
START Player-0 260332257
START Player-1 260745604
1 1 TL BL 0
1 1 BL TL 1
1 4 TL BL 0
4 4 BL TL 1
2 2 TL BL 0
3 0 TL BR 1
2 5 TL BL 0
0 3 BL TR 1
5 1 BL BR 0
3 4 TL TR 1
5 3 BL BR 0
3 2 TL TR 1
2 1 TR BL 0
GAMEOVER WINNER 0
# Game ended: Wed Apr 10 13:04:47 EDT 2019
