# Server version 0.08 running on 142.157.75.105:8123
# Game ID: 123
# Board class: pentago_swap.PentagoBoard
# Timeout: 2000
# First Move Timeout: 30000
# Date: Thu Apr 04 19:52:30 EDT 2019
# Player 1: Player-0, 'Human', running on 142.157.75.105
# Player 2: Player-1, '260745604', running on 142.157.75.105
START Player-0 Human
START Player-1 260745604
1 1 TL TR 0
1 1 BR TR 1
1 4 TR TL 0
4 1 BR TR 1
0 1 TL TR 0
2 4 BR TR 1
1 2 TL TR 0
1 3 TL TR 1
4 3 BR BL 0
0 5 TR BR 1
4 2 BR TR 0
1 3 TL TR 1
3 2 BL BR 0
2 2 BL BR 1
3 0 BL BR 0
2 5 TL BL 1
0 3 TR BL 0
GAMEOVER WINNER 0
# Game ended: Thu Apr 04 19:53:20 EDT 2019
