# Server version 0.08 running on 142.157.75.105:54321
# Game ID: 205
# Board class: pentago_swap.PentagoBoard
# Timeout: 2000
# First Move Timeout: 30000
# Date: Fri Apr 05 21:14:27 EDT 2019
# Player 1: Player-0, '260745372', running on 142.157.57.19
# Player 2: Player-1, '260745604', running on 142.157.75.105
START Player-0 260745372
START Player-1 260745604
4 1 BL BR 0
5 5 BL BR 1
4 4 BR TL 0
1 3 TR BR 1
1 2 BL BR 0
1 4 TL TR 1
3 4 TR BL 0
2 4 TR BR 1
5 5 BL BR 0
0 0 TL TR 1
5 5 TR BL 0
0 0 TL TR 1
5 3 BL BR 0
0 0 TL TR 1
5 5 BL BR 0
5 4 BL BR 1
5 4 BL BR 0
5 0 BL BR 1
4 5 BL BR 0
4 0 TR BL 1
0 5 TR BR 0
GAMEOVER WINNER 0
# Game ended: Fri Apr 05 21:14:50 EDT 2019
