# Server version 0.08 running on 142.157.75.105:54321
# Game ID: 272
# Board class: pentago_swap.PentagoBoard
# Timeout: 2000
# First Move Timeout: 30000
# Date: Sat Apr 06 16:00:47 EDT 2019
# Player 1: Player-0, '260745604', running on 142.157.75.105
# Player 2: Player-1, 'Human', running on 142.157.75.105
START Player-0 260745604
START Player-1 Human
1 1 TL BR 0
1 4 TR BR 1
1 1 TL TR 0
4 1 BL TL 1
1 3 TL BL 0
1 5 TR BR 1
1 0 TR BR 0
1 2 TL TR 1
GAMEOVER TIMEOUT WINNER 1
# Game ended: Sat Apr 06 16:00:58 EDT 2019
