# Server version 0.08 running on 142.157.75.105:54321
# Game ID: 338
# Board class: pentago_swap.PentagoBoard
# Timeout: 2000
# First Move Timeout: 30000
# Date: Wed Apr 10 13:07:49 EDT 2019
# Player 1: Player-0, '260673394', running on vpn67051.vpn.mcgill.ca
# Player 2: Player-1, '260745604', running on 142.157.75.105
START Player-0 260673394
START Player-1 260745604
1 1 TL TR 0
1 1 BR BL 1
1 3 TR TL 0
1 2 BR BL 1
4 1 TL BL 0
1 3 TR BL 1
0 1 TL TR 0
2 4 BL TR 1
2 1 TL BR 0
0 3 TL TR 1
3 4 TL BR 0
GAMEOVER WINNER 0
# Game ended: Wed Apr 10 13:07:57 EDT 2019
