# Server version 0.08 running on 142.157.75.105:54321
# Game ID: 267
# Board class: pentago_swap.PentagoBoard
# Timeout: 2000
# First Move Timeout: 30000
# Date: Sat Apr 06 15:49:05 EDT 2019
# Player 1: Player-0, '260745604', running on 142.157.75.105
# Player 2: Player-1, 'Human', running on 142.157.75.105
START Player-0 260745604
START Player-1 Human
1 1 TL TR 0
1 1 TL TR 1
4 1 TR BL 0
4 4 BR BL 1
1 0 BR TL 0
4 5 BR BL 1
1 3 TL BR 0
1 5 TR TL 1
GAMEOVER TIMEOUT WINNER 1
# Game ended: Sat Apr 06 15:49:18 EDT 2019
