# Server version 0.08 running on 142.157.75.105:54321
# Game ID: 366
# Board class: pentago_swap.PentagoBoard
# Timeout: 2000
# First Move Timeout: 30000
# Date: Wed Apr 10 19:21:23 EDT 2019
# Player 1: Player-0, '260673394', running on vpn67051.vpn.mcgill.ca
# Player 2: Player-1, '260745604', running on 142.157.75.105
START Player-0 260673394
START Player-1 260745604
1 1 TL TR 0
1 1 TL BR 1
1 1 TL TR 0
4 1 BR BL 1
0 1 TL BL 0
5 1 BR TR 1
5 4 TL BR 0
0 1 TL BR 1
5 2 TL BL 0
0 3 TL TR 1
3 3 TL TR 0
0 0 BL TR 1
5 5 TR BL 0
GAMEOVER WINNER 0
# Game ended: Wed Apr 10 19:21:32 EDT 2019
