# Server version 0.08 running on 142.157.75.105:54321
# Game ID: 339
# Board class: pentago_swap.PentagoBoard
# Timeout: 2000
# First Move Timeout: 30000
# Date: Wed Apr 10 13:35:30 EDT 2019
# Player 1: Player-0, 'RandomPlayer', running on 142.157.75.105
# Player 2: Player-1, '260745604', running on 142.157.75.105
START Player-0 RandomPlayer
START Player-1 260745604
5 2 TR BR 0
1 1 TR TL 1
0 3 TL TR 0
4 1 BR BL 1
3 5 BL BR 0
1 0 TL TR 1
2 1 TL BL 0
1 5 TR BL 1
5 3 BL BR 0
1 2 TL BL 1
GAMEOVER WINNER 1
# Game ended: Wed Apr 10 13:35:31 EDT 2019
