# Server version 0.08 running on 142.157.75.165:8123
# Game ID: 44
# Board class: pentago_swap.PentagoBoard
# Timeout: 2000
# First Move Timeout: 30000
# Date: Wed Mar 27 15:13:28 EDT 2019
# Player 1: Player-0, 'Human', running on 142.157.75.165
# Player 2: Player-1, 'Human', running on 142.157.75.165
START Player-0 Human
START Player-1 Human
1 1 TL TR 0
3 4 BR TR 1
4 1 BL TL 0
3 4 BR TL 1
1 2 TL TR 0
1 3 TR BR 1
1 0 TL TR 0
3 1 BL TR 1
1 3 TR TL 0
1 2 TL BR 1
4 2 BL TR 0
4 0 BL TL 1
1 4 TL BL 0
GAMEOVER WINNER 0
# Game ended: Wed Mar 27 15:14:51 EDT 2019
