# Server version 0.08 running on 142.157.75.105:54321
# Game ID: 394
# Board class: pentago_swap.PentagoBoard
# Timeout: 2000
# First Move Timeout: 30000
# Date: Wed Apr 10 20:44:49 EDT 2019
# Player 1: Player-0, '260745604', running on 142.157.75.105
# Player 2: Player-1, '260332257', running on 142.157.142.79
START Player-0 260745604
START Player-1 260332257
1 1 TL TR 0
1 1 TL BL 1
1 1 TR BR 0
1 4 TL BL 1
4 0 TR TL 0
2 2 TL BL 1
3 0 BL BR 0
2 5 TL BL 1
0 3 BL TL 0
5 4 BL BR 1
2 4 TL BL 0
2 0 BL BR 1
5 1 BL TL 0
5 5 BL BR 1
5 1 BL TL 0
5 2 BL BR 1
3 4 TL TR 0
GAMEOVER WINNER 0
# Game ended: Wed Apr 10 20:44:55 EDT 2019
