# Server version 0.08 running on 142.157.75.105:54321
# Game ID: 209
# Board class: pentago_swap.PentagoBoard
# Timeout: 2000
# First Move Timeout: 30000
# Date: Fri Apr 05 21:27:29 EDT 2019
# Player 1: Player-0, '260745372', running on 142.157.57.19
# Player 2: Player-1, '260745604', running on 142.157.75.105
START Player-0 260745372
START Player-1 260745604
4 4 BR BL 0
1 1 BL TL 1
1 4 TR BL 0
4 4 BL TL 1
1 2 BL BR 0
1 0 TL BL 1
4 5 BL BR 0
4 0 BL TL 1
5 5 TL BL 0
0 5 TR BR 1
5 5 TR BR 0
1 0 TL TR 1
5 4 TL BL 0
0 0 TL TR 1
5 3 BL BR 0
0 0 TL TR 1
5 4 BL BR 0
GAMEOVER WINNER 0
# Game ended: Fri Apr 05 21:27:42 EDT 2019
