# Server version 0.08 running on 142.157.75.105:54321
# Game ID: 306
# Board class: pentago_swap.PentagoBoard
# Timeout: 2000
# First Move Timeout: 30000
# Date: Tue Apr 09 21:00:02 EDT 2019
# Player 1: Player-0, 'Human', running on 142.157.75.105
# Player 2: Player-1, '260745604', running on 142.157.75.105
START Player-0 Human
START Player-1 260745604
1 1 TL TR 0
1 1 BL BR 1
4 4 BR TR 0
4 1 BR TR 1
1 3 TR TL 0
1 2 TR TL 1
4 3 BR BL 0
4 2 TR BR 1
3 3 BR BL 0
GAMEOVER TIMEOUT WINNER 0
# Game ended: Tue Apr 09 21:00:15 EDT 2019
