# Server version 0.08 running on 142.157.75.105:54321
# Game ID: 226
# Board class: pentago_swap.PentagoBoard
# Timeout: 2000
# First Move Timeout: 30000
# Date: Sat Apr 06 10:23:22 EDT 2019
# Player 1: Player-0, '260745604', running on 142.157.75.105
# Player 2: Player-1, '260745604', running on 142.157.75.105
START Player-0 260745604
START Player-1 260745604
1 1 TR BR 0
4 1 TL BR 1
3 2 TR BR 0
1 2 TR BR 1
3 3 TL TR 0
5 5 TR TL 1
5 0 BL BR 0
0 5 TL TR 1
2 0 TL BL 0
0 5 BL BR 1
2 5 BL TR 0
0 1 TL TR 1
0 0 TL TR 0
0 2 TL TR 1
0 1 TL TR 0
1 2 TR BR 1
GAMEOVER WINNER 1
# Game ended: Sat Apr 06 10:23:29 EDT 2019
