# Server version 0.08 running on 142.157.75.105:8123
# Game ID: 143
# Board class: pentago_swap.PentagoBoard
# Timeout: 2000
# First Move Timeout: 30000
# Date: Thu Apr 04 20:46:35 EDT 2019
# Player 1: Player-0, 'RandomPlayer', running on 142.157.75.105
# Player 2: Player-1, '260745604', running on 142.157.75.105
START Player-0 RandomPlayer
START Player-1 260745604
5 2 TR BR 0
1 1 BL BR 1
0 3 TL TR 0
1 1 BR BL 1
4 0 BL BR 0
1 0 BR TL 1
2 0 TL BL 0
3 0 TR BL 1
5 3 BL BR 0
1 0 TR BR 1
1 3 TL TR 0
0 5 TL TR 1
0 0 BL BR 0
2 1 BL BR 1
4 5 TR BR 0
3 2 TL BL 1
2 1 TL BR 0
4 5 BL BR 1
5 2 TR BR 0
5 4 TL TR 1
3 4 TL TR 0
3 1 BL BR 1
2 5 TR BR 0
2 1 TR BR 1
1 2 BL BR 0
1 4 TL BR 1
1 1 TR BR 0
GAMEOVER WINNER 1
# Game ended: Thu Apr 04 20:46:35 EDT 2019
