# Server version 0.08 running on 142.157.75.105:54321
# Game ID: 300
# Board class: pentago_swap.PentagoBoard
# Timeout: 2000
# First Move Timeout: 30000
# Date: Tue Apr 09 20:30:50 EDT 2019
# Player 1: Player-0, '260745604', running on 142.157.75.105
# Player 2: Player-1, 'Human', running on 142.157.75.105
START Player-0 260745604
START Player-1 Human
1 1 BL TR 0
1 4 TR BL 1
1 4 BR BL 0
4 1 BL TR 1
1 0 BL TR 0
1 2 TL BR 1
1 3 TR BL 0
4 2 BL TL 1
5 5 BL BR 0
0 0 TL TR 1
5 5 BL BR 0
0 0 TL TR 1
5 4 BL BR 0
0 1 TL TR 1
5 4 BL BR 0
2 2 TL TR 1
5 0 BL BR 0
GAMEOVER WINNER 0
# Game ended: Tue Apr 09 20:33:14 EDT 2019
