# Server version 0.08 running on 142.157.75.105:8123
# Game ID: 197
# Board class: pentago_swap.PentagoBoard
# Timeout: 2000
# First Move Timeout: 30000
# Date: Fri Apr 05 20:41:14 EDT 2019
# Player 1: Player-0, '260745604', running on 142.157.75.105
# Player 2: Player-1, 'RandomPlayer', running on 142.157.75.105
START Player-0 260745604
START Player-1 RandomPlayer
1 1 BL TR 0
0 1 TR BR 1
4 1 TR BR 0
3 2 TL TR 1
1 3 TL BL 0
2 2 BL BR 1
1 5 BL TR 0
3 3 TL BL 1
2 0 TR BR 0
5 4 BL BR 1
5 4 BL BR 0
3 3 TL TR 1
0 5 TL TR 0
1 4 BL BR 1
4 5 TL BR 0
5 2 TR BR 1
GAMEOVER WINNER 0
# Game ended: Fri Apr 05 20:41:21 EDT 2019
