# Server version 0.08 running on 142.157.75.105:54321
# Game ID: 286
# Board class: pentago_swap.PentagoBoard
# Timeout: 2000
# First Move Timeout: 30000
# Date: Tue Apr 09 20:14:19 EDT 2019
# Player 1: Player-0, '260745604', running on 142.157.75.105
# Player 2: Player-1, 'RandomPlayer', running on 142.157.75.105
START Player-0 260745604
START Player-1 RandomPlayer
1 1 BR TR 0
0 1 TR BR 1
4 1 BR BL 0
3 2 TL TR 1
1 3 TR TL 0
2 0 BL BR 1
1 2 TL BR 0
3 0 TL BL 1
1 2 TL BL 0
GAMEOVER WINNER 0
# Game ended: Tue Apr 09 20:14:19 EDT 2019
