# Server version 0.08 running on 142.157.75.105:54321
# Game ID: 240
# Board class: pentago_swap.PentagoBoard
# Timeout: 2000
# First Move Timeout: 30000
# Date: Sat Apr 06 12:13:25 EDT 2019
# Player 1: Player-0, 'Human', running on 142.157.75.105
# Player 2: Player-1, '260745604', running on 142.157.75.105
START Player-0 Human
START Player-1 260745604
1 1 TL TR 0
1 1 TR BR 1
4 1 BL TL 0
1 4 BR TL 1
1 2 TL TR 0
1 3 TR BL 1
3 2 BL BR 0
5 3 TL BR 1
3 1 BL BR 0
0 0 TL TR 1
5 4 BR BL 0
3 0 TR BR 1
5 4 BR TL 0
GAMEOVER WINNER 0
# Game ended: Sat Apr 06 12:15:29 EDT 2019
