# Server version 0.08 running on 142.157.75.105:54321
# Game ID: 278
# Board class: pentago_swap.PentagoBoard
# Timeout: 2000
# First Move Timeout: 30000
# Date: Sat Apr 06 16:34:17 EDT 2019
# Player 1: Player-0, '260745604', running on 142.157.75.105
# Player 2: Player-1, 'Human', running on 142.157.75.105
START Player-0 260745604
START Player-1 Human
1 1 BL BR 0
1 4 TR BR 1
4 1 BR TL 0
1 4 TR BR 1
1 3 TR TL 0
1 2 TL TR 1
0 4 BL TR 0
5 1 BL BR 1
0 0 TL TR 0
3 1 BL BR 1
0 0 TL BL 0
5 4 BR BL 1
0 0 TR BL 0
3 1 BL BR 1
GAMEOVER WINNER 1
# Game ended: Sat Apr 06 16:35:46 EDT 2019
