# Server version 0.08 running on 142.157.75.105:8123
# Game ID: 369
# Board class: pentago_swap.PentagoBoard
# Timeout: 2000
# First Move Timeout: 30000
# Date: Wed Apr 10 19:34:45 EDT 2019
# Player 1: Player-0, '260745604', running on 142.157.75.105
# Player 2: Player-1, '260745604', running on 142.157.75.105
START Player-0 260745604
START Player-1 260745604
1 1 BL TR 0
4 1 TL TR 1
1 1 TL BL 0
4 4 BR BL 1
1 3 TR TL 0
1 2 TR TL 1
0 4 BR TL 0
2 4 TR BR 1
0 1 TL TR 0
2 4 TR TL 1
0 0 TL TR 0
3 3 TR BR 1
3 5 TL TR 0
0 2 TL TR 1
2 5 TL TR 0
0 4 TL BR 1
3 1 BL TL 0
0 0 BL TR 1
3 0 TR TL 0
0 5 TL TR 1
2 0 TL BL 0
0 2 TL BL 1
5 0 TR BR 0
4 0 BL TL 1
4 0 BR TL 0
2 2 BL TL 1
4 0 TL TR 0
GAMEOVER WINNER 0
# Game ended: Wed Apr 10 19:34:46 EDT 2019
