# Server version 0.08 running on 142.157.75.165:8123
# Game ID: 51
# Board class: pentago_swap.PentagoBoard
# Timeout: 2000
# First Move Timeout: 30000
# Date: Wed Mar 27 17:25:46 EDT 2019
# Player 1: Player-0, 'Human', running on 142.157.75.165
# Player 2: Player-1, 'Human', running on 142.157.75.165
START Player-0 Human
START Player-1 Human
1 1 TR BR 0
1 4 TR BR 1
1 4 BL BR 0
4 4 BR TL 1
2 1 TL TR 0
4 2 BL TL 1
1 3 BR TL 0
5 5 BR TL 1
3 3 TL BL 0
3 0 TL BR 1
2 2 TR BR 0
3 3 BL TL 1
GAMEOVER WINNER 1
# Game ended: Wed Mar 27 17:32:28 EDT 2019
