# Server version 0.08 running on 142.157.75.105:54321
# Game ID: 355
# Board class: pentago_swap.PentagoBoard
# Timeout: 2000
# First Move Timeout: 30000
# Date: Wed Apr 10 18:48:46 EDT 2019
# Player 1: Player-0, 'Human', running on 142.157.75.105
# Player 2: Player-1, '260745604', running on 142.157.75.105
START Player-0 Human
START Player-1 260745604
1 1 TL BR 0
1 1 TL BR 1
1 4 TR BL 0
1 4 BR TL 1
4 2 BL TR 0
1 3 TL TR 1
3 4 BR BL 0
5 1 TL BL 1
3 2 BL TR 0
3 0 TL TR 1
5 2 BL BR 0
5 0 TL TR 1
3 2 BL BR 0
0 4 TL TR 1
1 3 BL BR 0
1 5 TR TL 1
5 4 BR BL 0
4 2 TL TR 1
5 0 BL BR 0
2 1 TR TL 1
5 2 TL TR 0
5 1 BR BL 1
