# Server version 0.08 running on 142.157.75.105:54321
# Game ID: 373
# Board class: pentago_swap.PentagoBoard
# Timeout: 2000
# First Move Timeout: 30000
# Date: Wed Apr 10 19:43:07 EDT 2019
# Player 1: Player-0, '260745604', running on 142.157.75.105
# Player 2: Player-1, 'RandomPlayer', running on 142.157.152.160
START Player-0 260745604
START Player-1 RandomPlayer
1 1 TR TL 0
3 0 TL BR 1
1 1 TR BR 0
3 3 TL BL 1
4 0 BR TR 0
4 2 TL TR 1
1 0 TR BL 0
1 2 TR BR 1
3 5 TL TR 0
2 2 TL BL 1
5 3 TL TR 0
0 5 TR BR 1
0 1 TR BL 0
0 3 BL BR 1
0 4 TR BL 0
2 4 TL TR 1
1 1 TR BR 0
5 5 BL BR 1
1 2 TR TL 0
2 5 TL TR 1
5 1 BL BR 0
3 2 TR BL 1
0 1 TR BL 0
2 5 TL TR 1
5 1 TR TL 0
4 2 TL BR 1
GAMEOVER WINNER 1
# Game ended: Wed Apr 10 19:43:13 EDT 2019
