# Server version 0.08 running on 142.157.75.105:54321
# Game ID: 370
# Board class: pentago_swap.PentagoBoard
# Timeout: 2000
# First Move Timeout: 30000
# Date: Wed Apr 10 19:36:08 EDT 2019
# Player 1: Player-0, '260673394', running on vpn67051.vpn.mcgill.ca
# Player 2: Player-1, '260745604', running on 142.157.75.105
START Player-0 260673394
START Player-1 260745604
1 1 TL TR 0
1 1 TL BR 1
3 3 TR BR 0
1 1 BL BR 1
3 4 TL TR 0
1 0 BL TR 1
5 1 BL BR 0
1 2 TL TR 1
GAMEOVER USER CANCEL UNDECIDED
# Game ended: Wed Apr 10 19:36:16 EDT 2019
