# Server version 0.08 running on 142.157.75.105:54321
# Game ID: 246
# Board class: pentago_swap.PentagoBoard
# Timeout: 2000
# First Move Timeout: 30000
# Date: Sat Apr 06 12:48:04 EDT 2019
# Player 1: Player-0, 'Human', running on 142.157.75.105
# Player 2: Player-1, '260745604', running on 142.157.75.105
START Player-0 Human
START Player-1 260745604
1 1 TL TR 0
1 1 BL BR 1
4 1 BL TL 0
4 4 TR BL 1
1 2 TL BR 0
4 3 BR TR 1
2 5 TR BR 0
3 5 BL TR 1
3 3 BR BL 0
0 0 TL BL 1
2 5 TL BR 0
0 0 TL BR 1
0 3 TR BL 0
2 5 TL TR 1
GAMEOVER WINNER 1
# Game ended: Sat Apr 06 12:49:12 EDT 2019
