# Server version 0.08 running on 142.157.75.105:8123
# Game ID: 124
# Board class: pentago_swap.PentagoBoard
# Timeout: 2000
# First Move Timeout: 30000
# Date: Thu Apr 04 19:53:33 EDT 2019
# Player 1: Player-0, '260745604', running on 142.157.75.105
# Player 2: Player-1, 'RandomPlayer', running on 142.157.75.105
START Player-0 260745604
START Player-1 RandomPlayer
1 1 BL TR 0
0 1 TR BR 1
4 1 BL TR 0
3 3 TL TR 1
1 5 TR BR 0
1 5 BL BR 1
3 0 TL TR 0
3 4 TL BL 1
0 3 BL BR 0
5 4 BL BR 1
3 3 TL BL 0
3 5 TL TR 1
3 2 BL BR 0
1 0 BL BR 1
2 3 TL TR 0
5 3 TR BR 1
4 0 BL BR 0
1 4 TL BR 1
4 3 TR BR 0
4 5 TR BR 1
3 5 TL BR 0
3 2 TL TR 1
2 1 BR BL 0
5 0 TR BR 1
2 2 TR BR 0
5 3 BL BR 1
5 2 TL TR 0
1 3 TR BR 1
2 4 TR BR 0
3 1 TL BL 1
GAMEOVER WINNER 0
# Game ended: Thu Apr 04 19:53:33 EDT 2019
