# Server version 0.08 running on 142.157.75.105:54321
# Game ID: 206
# Board class: pentago_swap.PentagoBoard
# Timeout: 2000
# First Move Timeout: 30000
# Date: Fri Apr 05 21:19:07 EDT 2019
# Player 1: Player-0, '260745604', running on 142.157.75.105
# Player 2: Player-1, '260745372', running on 142.157.57.19
START Player-0 260745604
START Player-1 260745372
1 1 TR TL 0
4 4 BR TL 1
4 1 TL TR 0
4 4 BR TR 1
1 0 BR TL 0
1 2 BL BR 1
4 2 BL BR 0
1 5 BL BR 1
4 3 TL TR 0
GAMEOVER WINNER 0
# Game ended: Fri Apr 05 21:19:12 EDT 2019
