# Server version 0.08 running on 142.157.75.165:8123
# Game ID: 12
# Board class: pentago_swap.PentagoBoard
# Timeout: 2000
# First Move Timeout: 30000
# Date: Tue Mar 26 16:00:13 EDT 2019
# Player 1: Player-0, 'Human', running on 142.157.75.165
# Player 2: Player-1, 'Human', running on 142.157.75.165
START Player-0 Human
START Player-1 Human
3 4 TR BR 0
4 4 BR BL 1
3 4 BR TL 0
4 4 TR BL 1
4 0 BL BR 0
0 4 TR BL 1
1 0 TL BL 0
2 1 TL BL 1
4 2 BL BR 0
GAMEOVER USER CANCEL UNDECIDED
# Game ended: Tue Mar 26 16:03:09 EDT 2019
