# Server version 0.08 running on 142.157.75.105:8123
# Game ID: 160
# Board class: pentago_swap.PentagoBoard
# Timeout: 2000
# First Move Timeout: 30000
# Date: Fri Apr 05 18:43:31 EDT 2019
# Player 1: Player-0, '260745604', running on 142.157.75.105
# Player 2: Player-1, 'RandomPlayer', running on 142.157.75.105
START Player-0 260745604
START Player-1 RandomPlayer
1 1 BR TL 0
0 1 TR BR 1
1 1 TR BR 0
3 2 TL TR 1
1 3 TR TL 0
2 0 BL BR 1
1 2 BR BL 0
3 5 TL BL 1
GAMEOVER TIMEOUT WINNER 1
# Game ended: Fri Apr 05 18:43:36 EDT 2019
