# Server version 0.08 running on 142.157.75.105:8123
# Game ID: 163
# Board class: pentago_swap.PentagoBoard
# Timeout: 2000
# First Move Timeout: 30000
# Date: Fri Apr 05 18:57:06 EDT 2019
# Player 1: Player-0, '260745604', running on 142.157.75.105
# Player 2: Player-1, 'RandomPlayer', running on 142.157.75.105
START Player-0 260745604
START Player-1 RandomPlayer
1 1 BR TL 0
0 1 TR BR 1
1 1 BR TR 0
3 2 TL TR 1
1 3 BR TL 0
2 1 BL BR 1
1 5 BL TR 0
3 2 TL BL 1
2 1 TR BR 0
5 4 BL BR 1
5 2 TL TR 0
3 3 TL TR 1
3 2 BL BR 0
1 4 BL BR 1
3 0 TL BL 0
5 2 TR BR 1
0 4 BL BR 0
1 3 TL BR 1
2 3 TL TR 0
4 4 TR BR 1
3 1 BL BR 0
3 0 TL TR 1
1 5 TR BR 0
2 3 TR BR 1
0 5 TL BR 0
4 5 BL BR 1
4 0 TR BR 0
1 2 TR BR 1
3 1 TL TR 0
2 4 TL BL 1
GAMEOVER WINNER 0
# Game ended: Fri Apr 05 18:57:07 EDT 2019
